<?xml version="1.0" encoding="utf-8"?><testsuites name="pytest tests"><testsuite name="pytest" errors="42" failures="28" skipped="24" tests="1169" time="651.698" timestamp="2026-01-25T20:52:02.802205-05:00" hostname="matthew-Z170X-Gaming-5"><testcase classname="tests.test_base_elo_rating_tdd.TestBaseEloRatingInterface" name="test_base_elo_is_abstract" time="0.016" /><testcase classname="tests.test_base_elo_rating_tdd.TestBaseEloRatingInterface" name="test_base_elo_has_abstract_methods" time="0.003" /><testcase classname="tests.test_base_elo_rating_tdd.TestBaseEloRatingInterface" name="test_base_elo_has_concrete_methods" time="0.002" /><testcase classname="tests.test_base_elo_rating_tdd.TestBaseEloRatingInterface" name="test_base_elo_init_parameters" time="0.002" /><testcase classname="tests.test_base_elo_rating_tdd.TestBaseEloRatingInterface" name="test_base_elo_type_hints" time="0.003" /><testcase classname="tests.test_base_elo_rating_tdd.TestBaseEloRatingInterface" name="test_base_elo_docstrings" time="0.002" /><testcase classname="tests.test_base_elo_rating_tdd.TestSportSpecificEloCompatibility" name="test_sport_class_inherits_from_base[NHLEloRating]" time="0.002" /><testcase classname="tests.test_base_elo_rating_tdd.TestSportSpecificEloCompatibility" name="test_sport_class_inherits_from_base[NBAEloRating]" time="0.002" /><testcase classname="tests.test_base_elo_rating_tdd.TestSportSpecificEloCompatibility" name="test_sport_class_inherits_from_base[MLBEloRating]" time="0.002" /><testcase classname="tests.test_base_elo_rating_tdd.TestSportSpecificEloCompatibility" name="test_sport_class_inherits_from_base[NFLEloRating]" time="0.003" /><testcase classname="tests.test_base_elo_rating_tdd.TestSportSpecificEloCompatibility" name="test_sport_class_inherits_from_base[EPLEloRating]" time="0.003" /><testcase classname="tests.test_base_elo_rating_tdd.TestSportSpecificEloCompatibility" name="test_sport_class_inherits_from_base[Ligue1EloRating]" time="0.003" /><testcase classname="tests.test_base_elo_rating_tdd.TestSportSpecificEloCompatibility" name="test_sport_class_inherits_from_base[NCAABEloRating]" time="0.002" /><testcase classname="tests.test_base_elo_rating_tdd.TestSportSpecificEloCompatibility" name="test_sport_class_inherits_from_base[WNCAABEloRating]" time="0.005" /><testcase classname="tests.test_base_elo_rating_tdd.TestSportSpecificEloCompatibility" name="test_sport_class_inherits_from_base[TennisEloRating]" time="0.003" /><testcase classname="tests.test_base_elo_rating_tdd.TestSportSpecificEloCompatibility" name="test_sport_class_can_be_instantiated[NHLEloRating]" time="0.003" /><testcase classname="tests.test_base_elo_rating_tdd.TestSportSpecificEloCompatibility" name="test_sport_class_can_be_instantiated[NBAEloRating]" time="0.003" /><testcase classname="tests.test_base_elo_rating_tdd.TestSportSpecificEloCompatibility" name="test_sport_class_can_be_instantiated[MLBEloRating]" time="0.004" /><testcase classname="tests.test_base_elo_rating_tdd.TestSportSpecificEloCompatibility" name="test_sport_class_can_be_instantiated[NFLEloRating]" time="0.002" /><testcase classname="tests.test_base_elo_rating_tdd.TestSportSpecificEloCompatibility" name="test_sport_class_can_be_instantiated[EPLEloRating]" time="0.003" /><testcase classname="tests.test_base_elo_rating_tdd.TestSportSpecificEloCompatibility" name="test_sport_class_can_be_instantiated[Ligue1EloRating]" time="0.003" /><testcase classname="tests.test_base_elo_rating_tdd.TestSportSpecificEloCompatibility" name="test_sport_class_can_be_instantiated[NCAABEloRating]" time="0.003" /><testcase classname="tests.test_base_elo_rating_tdd.TestSportSpecificEloCompatibility" name="test_sport_class_can_be_instantiated[WNCAABEloRating]" time="0.002" /><testcase classname="tests.test_base_elo_rating_tdd.TestSportSpecificEloCompatibility" name="test_sport_class_can_be_instantiated[TennisEloRating]" time="0.002" /><testcase classname="tests.test_base_elo_rating_tdd.TestBackwardCompatibility" name="test_dashboard_integration" time="0.002" /><testcase classname="tests.test_base_elo_rating_tdd.TestBackwardCompatibility" name="test_dag_integration" time="0.003" /><testcase classname="tests.test_bet_loader_tracker.TestBetLoader" name="test_init_creates_table" time="0.032" /><testcase classname="tests.test_bet_loader_tracker.TestBetLoader" name="test_load_bets_for_date_no_file" time="0.039" /><testcase classname="tests.test_bet_loader_tracker.TestBetLoader" name="test_load_bets_for_date_empty_file" time="0.029" /><testcase classname="tests.test_bet_loader_tracker.TestBetLoader" name="test_load_bets_for_date_with_bets" time="0.033" /><testcase classname="tests.test_bet_loader_tracker.TestBetLoader" name="test_get_bets_summary_empty" time="0.047" /><testcase classname="tests.test_bet_loader_tracker.TestBetLoader" name="test_get_bets_summary_with_dates" time="0.046" /><testcase classname="tests.test_bet_loader_tracker.TestBetTracker" name="test_create_bets_table" time="0.038" /><testcase classname="tests.test_bet_loader_tracker.TestBetTracker" name="test_create_bets_table_idempotent" time="0.041" /><testcase classname="tests.test_bet_loader_tracker.TestBetTracker" name="test_load_fills_from_kalshi_success" time="0.018" /><testcase classname="tests.test_bet_loader_tracker.TestBetTracker" name="test_load_fills_from_kalshi_error" time="0.006" /><testcase classname="tests.test_bet_loader_tracker.TestBetTracker" name="test_get_market_status_success" time="0.006" /><testcase classname="tests.test_bet_loader_tracker.TestBetTracker" name="test_get_market_status_error" time="0.003" /><testcase classname="tests.test_bet_loader_tracker.TestBetTracker" name="test_get_betting_summary_empty" time="0.014" /><testcase classname="tests.test_bet_loader_tracker.TestBetTracker" name="test_get_betting_summary_with_date" time="0.029" /><testcase classname="tests.test_bet_loader_tracker.TestSportParsing" name="test_parse_nba_ticker" time="0.009" /><testcase classname="tests.test_bet_loader_tracker.TestSportParsing" name="test_parse_nhl_ticker" time="0.004" /><testcase classname="tests.test_bet_loader_tracker.TestSportParsing" name="test_parse_mlb_ticker" time="0.003" /><testcase classname="tests.test_bet_loader_tracker.TestSportParsing" name="test_parse_nfl_ticker" time="0.005" /><testcase classname="tests.test_bet_loader_tracker.TestSportParsing" name="test_parse_tennis_ticker" time="0.005" /><testcase classname="tests.test_bet_loader_tracker.TestSportParsing" name="test_parse_ncaab_ticker" time="0.004" /><testcase classname="tests.test_bet_loader_tracker.TestSportParsing" name="test_parse_unknown_ticker" time="0.002" /><testcase classname="tests.test_bet_sync_hourly" name="test_bet_sync_hourly_dag_exists" time="0.080" /><testcase classname="tests.test_bet_sync_hourly" name="test_bet_sync_hourly_has_hourly_schedule" time="0.047" /><testcase classname="tests.test_bet_sync_hourly" name="test_bet_sync_hourly_has_sync_task" time="0.052" /><testcase classname="tests.test_bet_sync_hourly" name="test_bet_sync_hourly_catchup_disabled" time="0.052" /><testcase classname="tests.test_bet_sync_hourly" name="test_bet_sync_hourly_single_active_run" time="0.054" /><testcase classname="tests.test_bet_sync_hourly" name="test_bet_sync_task_has_retries" time="0.057" /><testcase classname="tests.test_bet_tracker_comprehensive.TestCreateBetsTable" name="test_creates_table" time="0.015" /><testcase classname="tests.test_bet_tracker_comprehensive.TestCreateBetsTable" name="test_idempotent" time="0.018" /><testcase classname="tests.test_bet_tracker_comprehensive.TestLoadFillsFromKalshi" name="test_function_exists" time="0.012" /><testcase classname="tests.test_bet_tracker_comprehensive.TestLoadFillsFromKalshi" name="test_with_mock_client" time="0.006" /><testcase classname="tests.test_bet_tracker_comprehensive.TestLoadFillsFromKalshi" name="test_handles_error" time="0.005" /><testcase classname="tests.test_bet_tracker_comprehensive.TestGetMarketStatus" name="test_function_exists" time="0.003" /><testcase classname="tests.test_bet_tracker_comprehensive.TestGetMarketStatus" name="test_with_mock_client" time="0.003" /><testcase classname="tests.test_bet_tracker_comprehensive.TestGetMarketStatus" name="test_handles_none_response" time="0.004" /><testcase classname="tests.test_bet_tracker_comprehensive.TestGetMarketStatus" name="test_handles_error" time="0.003" /><testcase classname="tests.test_bet_tracker_comprehensive.TestSyncBetsToDatabase" name="test_function_exists" time="0.003" /><testcase classname="tests.test_bet_tracker_comprehensive.TestSyncBetsToDatabase" name="test_with_missing_credentials" time="0.002" /><testcase classname="tests.test_bet_tracker_comprehensive.TestModuleImports" name="test_import_module" time="0.002" /><testcase classname="tests.test_bet_tracker_comprehensive.TestBetsTableSchema" name="test_table_columns" time="0.019" /><testcase classname="tests.test_bet_tracker_comprehensive.TestFillsParsing" name="test_parse_fill_data" time="0.014" /><testcase classname="tests.test_bet_tracker_comprehensive.TestDatabaseOperations" name="test_insert_and_query" time="0.023" /><testcase classname="tests.test_bet_tracker_loader.TestBetTrackerSQL" name="test_create_bets_table_schema" time="0.024" /><testcase classname="tests.test_bet_tracker_loader.TestBetTrackerSQL" name="test_placed_bets_columns" time="0.039" /><testcase classname="tests.test_bet_tracker_loader.TestBetLoaderInit" name="test_init_creates_table" time="0.028" /><testcase classname="tests.test_bet_tracker_loader.TestBetLoaderInit" name="test_bet_recommendations_columns" time="0.026" /><testcase classname="tests.test_bet_tracker_loader.TestBetLoading" name="test_load_bets_file_not_found" time="0.031" /><testcase classname="tests.test_bet_tracker_loader.TestBetLoading" name="test_bet_id_generation" time="0.019" /><testcase classname="tests.test_bet_tracker_loader.TestBetDataStructure" name="test_bet_json_structure" time="0.016" /><testcase classname="tests.test_bet_tracker_loader.TestBetDataStructure" name="test_bet_status_transitions" time="0.004" /><testcase classname="tests.test_bet_tracker_loader.TestMarketStatusQueries" name="test_market_status_values" time="0.003" /><testcase classname="tests.test_bet_tracker_loader.TestMarketStatusQueries" name="test_market_result_values" time="0.003" /><testcase classname="tests.test_bet_tracker_loader.TestProfitCalculations" name="test_profit_won_yes_bet" time="0.002" /><testcase classname="tests.test_bet_tracker_loader.TestProfitCalculations" name="test_profit_lost_yes_bet" time="0.003" /><testcase classname="tests.test_bet_tracker_loader.TestProfitCalculations" name="test_profit_won_no_bet" time="0.003" /><testcase classname="tests.test_bet_tracker_loader.TestProfitCalculations" name="test_cost_calculation" time="0.003" /><testcase classname="tests.test_bet_tracker_loader.TestQueryBuilding" name="test_insert_query_format" time="0.002" /><testcase classname="tests.test_bet_tracker_loader.TestQueryBuilding" name="test_select_by_date_query" time="0.003" /><testcase classname="tests.test_bet_tracker_loader.TestQueryBuilding" name="test_update_status_query" time="0.002" /><testcase classname="tests.test_bet_tracker_loader.TestDateRangeQueries" name="test_days_back_calculation" time="0.002" /><testcase classname="tests.test_bet_tracker_loader.TestDateRangeQueries" name="test_date_range_filter" time="0.002" /><testcase classname="tests.test_bet_tracker_loader.TestAggregationQueries" name="test_win_rate_query" time="0.004" /><testcase classname="tests.test_bet_tracker_loader.TestAggregationQueries" name="test_profit_summary_query" time="0.003" /><testcase classname="tests.test_bet_tracker_loader.TestErrorHandling" name="test_file_not_found_handling" time="0.002" /><testcase classname="tests.test_bet_tracker_loader.TestErrorHandling" name="test_json_decode_error_handling" time="0.002" /><testcase classname="tests.test_bet_tracker_loader.TestErrorHandling" name="test_empty_bets_list" time="0.002" /><testcase classname="tests.test_dag_parsing" name="test_dag_parsing" time="0.043" /><testcase classname="tests.test_dag_task_functions" name="test_place_portfolio_optimized_bets_exact_xcom" time="1.275" /><testcase classname="tests.test_dags_integrity" name="test_no_import_errors" time="0.045" /><testcase classname="tests.test_dags_integrity" name="test_multi_sport_betting_workflow_structure" time="0.143" /><testcase classname="tests.test_dags_integrity" name="test_dag_schedule" time="0.003" /><testcase classname="tests.test_dashboard_balance_fix" name="test_dashboard_shows_kalshi_balance_not_total_invested" time="0.031" /><testcase classname="tests.test_dashboard_balance_fix" name="test_early_days_financial_performance" time="0.045" /><testcase classname="tests.test_dashboard_balance_verification" name="test_dashboard_shows_kalshi_balance" time="0.041" /><testcase classname="tests.test_dashboard_balance_verification" name="test_portfolio_snapshot_dag_running" time="0.076" /><testcase classname="tests.test_dashboard_data_freshness" name="test_placed_bets_table_has_recent_updates" time="0.001"><skipped type="pytest.skip" message="Integration tests require production PostgreSQL database">/mnt/data2/nhlstats/tests/test_dashboard_data_freshness.py:32: Integration tests require production PostgreSQL database</skipped></testcase><testcase classname="tests.test_dashboard_data_freshness" name="test_dashboard_can_show_settlement_data_from_today" time="0.001"><skipped type="pytest.skip" message="Integration tests require production PostgreSQL database">/mnt/data2/nhlstats/tests/test_dashboard_data_freshness.py:75: Integration tests require production PostgreSQL database</skipped></testcase><testcase classname="tests.test_dashboard_data_freshness" name="test_bet_sync_does_not_fail" time="0.001"><skipped type="pytest.skip" message="Integration tests require production PostgreSQL database">/mnt/data2/nhlstats/tests/test_dashboard_data_freshness.py:122: Integration tests require production PostgreSQL database</skipped></testcase><testcase classname="tests.test_dashboard_data_freshness" name="test_dashboard_shows_recent_settlement_activity" time="0.001"><skipped type="pytest.skip" message="Integration tests require production PostgreSQL database">/mnt/data2/nhlstats/tests/test_dashboard_data_freshness.py:134: Integration tests require production PostgreSQL database</skipped></testcase><testcase classname="tests.test_dashboard_data_freshness" name="test_placed_bets_table_structure" time="0.001"><skipped type="pytest.skip" message="Integration tests require production PostgreSQL database">/mnt/data2/nhlstats/tests/test_dashboard_data_freshness.py:169: Integration tests require production PostgreSQL database</skipped></testcase><testcase classname="tests.test_dashboard_data_freshness" name="test_bet_sync_successfully_updates_database" time="0.001"><skipped type="pytest.skip" message="Integration tests require production PostgreSQL database">/mnt/data2/nhlstats/tests/test_dashboard_data_freshness.py:207: Integration tests require production PostgreSQL database</skipped></testcase><testcase classname="tests.test_dashboard_integration" name="test_financial_performance_shows_correct_portfolio_value" time="0.001"><skipped type="pytest.skip" message="Integration tests require production PostgreSQL database">/mnt/data2/nhlstats/tests/test_dashboard_integration.py:36: Integration tests require production PostgreSQL database</skipped></testcase><testcase classname="tests.test_dashboard_playwright.TestDashboardNavigation" name="test_sidebar_exists" time="10.367" /><testcase classname="tests.test_dashboard_playwright.TestDashboardNavigation" name="test_page_navigation_elo_analysis" time="7.861" /><testcase classname="tests.test_dashboard_playwright.TestDashboardNavigation" name="test_page_navigation_betting_performance" time="11.783" /><testcase classname="tests.test_dashboard_playwright.TestSportsSelection" name="test_sport_has_data_or_error[MLB]" time="38.697"><failure message="playwright._impl._errors.TimeoutError: Locator.click: Timeout 30000ms exceeded.&#10;Call log:&#10;  - waiting for locator(&quot;[data-testid=\&quot;stVirtualDropdown\&quot;]&quot;).locator(&quot;text=\&quot;MLB\&quot;&quot;)">self = &lt;tests.test_dashboard_playwright.TestSportsSelection object at 0x7fcafa568560&gt;
page = &lt;Page url='http://localhost:8501/'&gt;, sport = 'MLB'

    @pytest.mark.parametrize("sport", SPORTS)
    def test_sport_has_data_or_error(self, page: Page, sport):
        """Test that each sport either loads data or shows appropriate error."""
        # Select sport from sidebar dropdown
        sidebar_select = (
            page.locator('[data-testid="stSidebar"]')
            .locator('[data-testid="stSelectbox"]')
            .first
        )
        sidebar_select.click()
        time.sleep(1)
        page.locator('[data-testid="stVirtualDropdown"]').locator(
            f'text="{sport}"'
&gt;       ).click()
          ^^^^^^^

tests/test_dashboard_playwright.py:117:
_ _ _ _ _ _ _ _ _ _ _ _ _ _ _ _ _ _ _ _ _ _ _ _ _ _ _ _ _ _ _ _ _ _ _ _ _ _ _ _
/home/matthew/anaconda3/lib/python3.12/site-packages/playwright/sync_api/_generated.py:15450: in click
    self._sync(
/home/matthew/anaconda3/lib/python3.12/site-packages/playwright/_impl/_locator.py:156: in click
    return await self._frame.click(self._selector, strict=True, **params)
           ^^^^^^^^^^^^^^^^^^^^^^^^^^^^^^^^^^^^^^^^^^^^^^^^^^^^^^^^^^^^^^
/home/matthew/anaconda3/lib/python3.12/site-packages/playwright/_impl/_frame.py:488: in click
    await self._channel.send("click", locals_to_params(locals()))
/home/matthew/anaconda3/lib/python3.12/site-packages/playwright/_impl/_connection.py:61: in send
    return await self._connection.wrap_api_call(
_ _ _ _ _ _ _ _ _ _ _ _ _ _ _ _ _ _ _ _ _ _ _ _ _ _ _ _ _ _ _ _ _ _ _ _ _ _ _ _

self = &lt;playwright._impl._connection.Connection object at 0x7fcb033996a0&gt;
cb = &lt;function Channel.send.&lt;locals&gt;.&lt;lambda&gt; at 0x7fcaf8ec0040&gt;
is_internal = False

    async def wrap_api_call(
        self, cb: Callable[[], Any], is_internal: bool = False
    ) -&gt; Any:
        if self._api_zone.get():
            return await cb()
        task = asyncio.current_task(self._loop)
        st: List[inspect.FrameInfo] = getattr(task, "__pw_stack__", inspect.stack())
        parsed_st = _extract_stack_trace_information_from_stack(st, is_internal)
        self._api_zone.set(parsed_st)
        try:
            return await cb()
        except Exception as error:
&gt;           raise rewrite_error(error, f"{parsed_st['apiName']}: {error}") from None
E           playwright._impl._errors.TimeoutError: Locator.click: Timeout 30000ms exceeded.
E           Call log:
E             - waiting for locator("[data-testid=\"stVirtualDropdown\"]").locator("text=\"MLB\"")

/home/matthew/anaconda3/lib/python3.12/site-packages/playwright/_impl/_connection.py:528: TimeoutError</failure></testcase><testcase classname="tests.test_dashboard_playwright.TestSportsSelection" name="test_sport_has_data_or_error[NHL]" time="38.677"><failure message="playwright._impl._errors.TimeoutError: Locator.click: Timeout 30000ms exceeded.&#10;Call log:&#10;  - waiting for locator(&quot;[data-testid=\&quot;stVirtualDropdown\&quot;]&quot;).locator(&quot;text=\&quot;NHL\&quot;&quot;)">self = &lt;tests.test_dashboard_playwright.TestSportsSelection object at 0x7fcafa568980&gt;
page = &lt;Page url='http://localhost:8501/'&gt;, sport = 'NHL'

    @pytest.mark.parametrize("sport", SPORTS)
    def test_sport_has_data_or_error(self, page: Page, sport):
        """Test that each sport either loads data or shows appropriate error."""
        # Select sport from sidebar dropdown
        sidebar_select = (
            page.locator('[data-testid="stSidebar"]')
            .locator('[data-testid="stSelectbox"]')
            .first
        )
        sidebar_select.click()
        time.sleep(1)
        page.locator('[data-testid="stVirtualDropdown"]').locator(
            f'text="{sport}"'
&gt;       ).click()
          ^^^^^^^

tests/test_dashboard_playwright.py:117:
_ _ _ _ _ _ _ _ _ _ _ _ _ _ _ _ _ _ _ _ _ _ _ _ _ _ _ _ _ _ _ _ _ _ _ _ _ _ _ _
/home/matthew/anaconda3/lib/python3.12/site-packages/playwright/sync_api/_generated.py:15450: in click
    self._sync(
/home/matthew/anaconda3/lib/python3.12/site-packages/playwright/_impl/_locator.py:156: in click
    return await self._frame.click(self._selector, strict=True, **params)
           ^^^^^^^^^^^^^^^^^^^^^^^^^^^^^^^^^^^^^^^^^^^^^^^^^^^^^^^^^^^^^^
/home/matthew/anaconda3/lib/python3.12/site-packages/playwright/_impl/_frame.py:488: in click
    await self._channel.send("click", locals_to_params(locals()))
/home/matthew/anaconda3/lib/python3.12/site-packages/playwright/_impl/_connection.py:61: in send
    return await self._connection.wrap_api_call(
_ _ _ _ _ _ _ _ _ _ _ _ _ _ _ _ _ _ _ _ _ _ _ _ _ _ _ _ _ _ _ _ _ _ _ _ _ _ _ _

self = &lt;playwright._impl._connection.Connection object at 0x7fcb033996a0&gt;
cb = &lt;function Channel.send.&lt;locals&gt;.&lt;lambda&gt; at 0x7fcaf8c68a40&gt;
is_internal = False

    async def wrap_api_call(
        self, cb: Callable[[], Any], is_internal: bool = False
    ) -&gt; Any:
        if self._api_zone.get():
            return await cb()
        task = asyncio.current_task(self._loop)
        st: List[inspect.FrameInfo] = getattr(task, "__pw_stack__", inspect.stack())
        parsed_st = _extract_stack_trace_information_from_stack(st, is_internal)
        self._api_zone.set(parsed_st)
        try:
            return await cb()
        except Exception as error:
&gt;           raise rewrite_error(error, f"{parsed_st['apiName']}: {error}") from None
E           playwright._impl._errors.TimeoutError: Locator.click: Timeout 30000ms exceeded.
E           Call log:
E             - waiting for locator("[data-testid=\"stVirtualDropdown\"]").locator("text=\"NHL\"")

/home/matthew/anaconda3/lib/python3.12/site-packages/playwright/_impl/_connection.py:528: TimeoutError</failure></testcase><testcase classname="tests.test_dashboard_playwright.TestSportsSelection" name="test_sport_has_data_or_error[NFL]" time="38.938"><failure message="playwright._impl._errors.TimeoutError: Locator.click: Timeout 30000ms exceeded.&#10;Call log:&#10;  - waiting for locator(&quot;[data-testid=\&quot;stVirtualDropdown\&quot;]&quot;).locator(&quot;text=\&quot;NFL\&quot;&quot;)">self = &lt;tests.test_dashboard_playwright.TestSportsSelection object at 0x7fcafa568a40&gt;
page = &lt;Page url='http://localhost:8501/'&gt;, sport = 'NFL'

    @pytest.mark.parametrize("sport", SPORTS)
    def test_sport_has_data_or_error(self, page: Page, sport):
        """Test that each sport either loads data or shows appropriate error."""
        # Select sport from sidebar dropdown
        sidebar_select = (
            page.locator('[data-testid="stSidebar"]')
            .locator('[data-testid="stSelectbox"]')
            .first
        )
        sidebar_select.click()
        time.sleep(1)
        page.locator('[data-testid="stVirtualDropdown"]').locator(
            f'text="{sport}"'
&gt;       ).click()
          ^^^^^^^

tests/test_dashboard_playwright.py:117:
_ _ _ _ _ _ _ _ _ _ _ _ _ _ _ _ _ _ _ _ _ _ _ _ _ _ _ _ _ _ _ _ _ _ _ _ _ _ _ _
/home/matthew/anaconda3/lib/python3.12/site-packages/playwright/sync_api/_generated.py:15450: in click
    self._sync(
/home/matthew/anaconda3/lib/python3.12/site-packages/playwright/_impl/_locator.py:156: in click
    return await self._frame.click(self._selector, strict=True, **params)
           ^^^^^^^^^^^^^^^^^^^^^^^^^^^^^^^^^^^^^^^^^^^^^^^^^^^^^^^^^^^^^^
/home/matthew/anaconda3/lib/python3.12/site-packages/playwright/_impl/_frame.py:488: in click
    await self._channel.send("click", locals_to_params(locals()))
/home/matthew/anaconda3/lib/python3.12/site-packages/playwright/_impl/_connection.py:61: in send
    return await self._connection.wrap_api_call(
_ _ _ _ _ _ _ _ _ _ _ _ _ _ _ _ _ _ _ _ _ _ _ _ _ _ _ _ _ _ _ _ _ _ _ _ _ _ _ _

self = &lt;playwright._impl._connection.Connection object at 0x7fcb033996a0&gt;
cb = &lt;function Channel.send.&lt;locals&gt;.&lt;lambda&gt; at 0x7fcaf82311c0&gt;
is_internal = False

    async def wrap_api_call(
        self, cb: Callable[[], Any], is_internal: bool = False
    ) -&gt; Any:
        if self._api_zone.get():
            return await cb()
        task = asyncio.current_task(self._loop)
        st: List[inspect.FrameInfo] = getattr(task, "__pw_stack__", inspect.stack())
        parsed_st = _extract_stack_trace_information_from_stack(st, is_internal)
        self._api_zone.set(parsed_st)
        try:
            return await cb()
        except Exception as error:
&gt;           raise rewrite_error(error, f"{parsed_st['apiName']}: {error}") from None
E           playwright._impl._errors.TimeoutError: Locator.click: Timeout 30000ms exceeded.
E           Call log:
E             - waiting for locator("[data-testid=\"stVirtualDropdown\"]").locator("text=\"NFL\"")

/home/matthew/anaconda3/lib/python3.12/site-packages/playwright/_impl/_connection.py:528: TimeoutError</failure></testcase><testcase classname="tests.test_dashboard_playwright.TestSportsSelection" name="test_sport_has_data_or_error[NBA]" time="38.913"><failure message="playwright._impl._errors.TimeoutError: Locator.click: Timeout 30000ms exceeded.&#10;Call log:&#10;  - waiting for locator(&quot;[data-testid=\&quot;stVirtualDropdown\&quot;]&quot;).locator(&quot;text=\&quot;NBA\&quot;&quot;)">self = &lt;tests.test_dashboard_playwright.TestSportsSelection object at 0x7fcafa568b00&gt;
page = &lt;Page url='http://localhost:8501/'&gt;, sport = 'NBA'

    @pytest.mark.parametrize("sport", SPORTS)
    def test_sport_has_data_or_error(self, page: Page, sport):
        """Test that each sport either loads data or shows appropriate error."""
        # Select sport from sidebar dropdown
        sidebar_select = (
            page.locator('[data-testid="stSidebar"]')
            .locator('[data-testid="stSelectbox"]')
            .first
        )
        sidebar_select.click()
        time.sleep(1)
        page.locator('[data-testid="stVirtualDropdown"]').locator(
            f'text="{sport}"'
&gt;       ).click()
          ^^^^^^^

tests/test_dashboard_playwright.py:117:
_ _ _ _ _ _ _ _ _ _ _ _ _ _ _ _ _ _ _ _ _ _ _ _ _ _ _ _ _ _ _ _ _ _ _ _ _ _ _ _
/home/matthew/anaconda3/lib/python3.12/site-packages/playwright/sync_api/_generated.py:15450: in click
    self._sync(
/home/matthew/anaconda3/lib/python3.12/site-packages/playwright/_impl/_locator.py:156: in click
    return await self._frame.click(self._selector, strict=True, **params)
           ^^^^^^^^^^^^^^^^^^^^^^^^^^^^^^^^^^^^^^^^^^^^^^^^^^^^^^^^^^^^^^
/home/matthew/anaconda3/lib/python3.12/site-packages/playwright/_impl/_frame.py:488: in click
    await self._channel.send("click", locals_to_params(locals()))
/home/matthew/anaconda3/lib/python3.12/site-packages/playwright/_impl/_connection.py:61: in send
    return await self._connection.wrap_api_call(
_ _ _ _ _ _ _ _ _ _ _ _ _ _ _ _ _ _ _ _ _ _ _ _ _ _ _ _ _ _ _ _ _ _ _ _ _ _ _ _

self = &lt;playwright._impl._connection.Connection object at 0x7fcb033996a0&gt;
cb = &lt;function Channel.send.&lt;locals&gt;.&lt;lambda&gt; at 0x7fcaf85209a0&gt;
is_internal = False

    async def wrap_api_call(
        self, cb: Callable[[], Any], is_internal: bool = False
    ) -&gt; Any:
        if self._api_zone.get():
            return await cb()
        task = asyncio.current_task(self._loop)
        st: List[inspect.FrameInfo] = getattr(task, "__pw_stack__", inspect.stack())
        parsed_st = _extract_stack_trace_information_from_stack(st, is_internal)
        self._api_zone.set(parsed_st)
        try:
            return await cb()
        except Exception as error:
&gt;           raise rewrite_error(error, f"{parsed_st['apiName']}: {error}") from None
E           playwright._impl._errors.TimeoutError: Locator.click: Timeout 30000ms exceeded.
E           Call log:
E             - waiting for locator("[data-testid=\"stVirtualDropdown\"]").locator("text=\"NBA\"")

/home/matthew/anaconda3/lib/python3.12/site-packages/playwright/_impl/_connection.py:528: TimeoutError</failure></testcase><testcase classname="tests.test_dashboard_playwright.TestSportsSelection" name="test_sport_has_data_or_error[EPL]" time="39.050"><failure message="playwright._impl._errors.TimeoutError: Locator.click: Timeout 30000ms exceeded.&#10;Call log:&#10;  - waiting for locator(&quot;[data-testid=\&quot;stVirtualDropdown\&quot;]&quot;).locator(&quot;text=\&quot;EPL\&quot;&quot;)">self = &lt;tests.test_dashboard_playwright.TestSportsSelection object at 0x7fcafa568bc0&gt;
page = &lt;Page url='http://localhost:8501/'&gt;, sport = 'EPL'

    @pytest.mark.parametrize("sport", SPORTS)
    def test_sport_has_data_or_error(self, page: Page, sport):
        """Test that each sport either loads data or shows appropriate error."""
        # Select sport from sidebar dropdown
        sidebar_select = (
            page.locator('[data-testid="stSidebar"]')
            .locator('[data-testid="stSelectbox"]')
            .first
        )
        sidebar_select.click()
        time.sleep(1)
        page.locator('[data-testid="stVirtualDropdown"]').locator(
            f'text="{sport}"'
&gt;       ).click()
          ^^^^^^^

tests/test_dashboard_playwright.py:117:
_ _ _ _ _ _ _ _ _ _ _ _ _ _ _ _ _ _ _ _ _ _ _ _ _ _ _ _ _ _ _ _ _ _ _ _ _ _ _ _
/home/matthew/anaconda3/lib/python3.12/site-packages/playwright/sync_api/_generated.py:15450: in click
    self._sync(
/home/matthew/anaconda3/lib/python3.12/site-packages/playwright/_impl/_locator.py:156: in click
    return await self._frame.click(self._selector, strict=True, **params)
           ^^^^^^^^^^^^^^^^^^^^^^^^^^^^^^^^^^^^^^^^^^^^^^^^^^^^^^^^^^^^^^
/home/matthew/anaconda3/lib/python3.12/site-packages/playwright/_impl/_frame.py:488: in click
    await self._channel.send("click", locals_to_params(locals()))
/home/matthew/anaconda3/lib/python3.12/site-packages/playwright/_impl/_connection.py:61: in send
    return await self._connection.wrap_api_call(
_ _ _ _ _ _ _ _ _ _ _ _ _ _ _ _ _ _ _ _ _ _ _ _ _ _ _ _ _ _ _ _ _ _ _ _ _ _ _ _

self = &lt;playwright._impl._connection.Connection object at 0x7fcb033996a0&gt;
cb = &lt;function Channel.send.&lt;locals&gt;.&lt;lambda&gt; at 0x7fcaf8f51ee0&gt;
is_internal = False

    async def wrap_api_call(
        self, cb: Callable[[], Any], is_internal: bool = False
    ) -&gt; Any:
        if self._api_zone.get():
            return await cb()
        task = asyncio.current_task(self._loop)
        st: List[inspect.FrameInfo] = getattr(task, "__pw_stack__", inspect.stack())
        parsed_st = _extract_stack_trace_information_from_stack(st, is_internal)
        self._api_zone.set(parsed_st)
        try:
            return await cb()
        except Exception as error:
&gt;           raise rewrite_error(error, f"{parsed_st['apiName']}: {error}") from None
E           playwright._impl._errors.TimeoutError: Locator.click: Timeout 30000ms exceeded.
E           Call log:
E             - waiting for locator("[data-testid=\"stVirtualDropdown\"]").locator("text=\"EPL\"")

/home/matthew/anaconda3/lib/python3.12/site-packages/playwright/_impl/_connection.py:528: TimeoutError</failure></testcase><testcase classname="tests.test_dashboard_playwright.TestSportsSelection" name="test_sport_has_data_or_error[Tennis]" time="37.688"><failure message="playwright._impl._errors.TimeoutError: Locator.click: Timeout 30000ms exceeded.&#10;Call log:&#10;  - waiting for locator(&quot;[data-testid=\&quot;stVirtualDropdown\&quot;]&quot;).locator(&quot;text=\&quot;Tennis\&quot;&quot;)">self = &lt;tests.test_dashboard_playwright.TestSportsSelection object at 0x7fcafa568c80&gt;
page = &lt;Page url='http://localhost:8501/'&gt;, sport = 'Tennis'

    @pytest.mark.parametrize("sport", SPORTS)
    def test_sport_has_data_or_error(self, page: Page, sport):
        """Test that each sport either loads data or shows appropriate error."""
        # Select sport from sidebar dropdown
        sidebar_select = (
            page.locator('[data-testid="stSidebar"]')
            .locator('[data-testid="stSelectbox"]')
            .first
        )
        sidebar_select.click()
        time.sleep(1)
        page.locator('[data-testid="stVirtualDropdown"]').locator(
            f'text="{sport}"'
&gt;       ).click()
          ^^^^^^^

tests/test_dashboard_playwright.py:117:
_ _ _ _ _ _ _ _ _ _ _ _ _ _ _ _ _ _ _ _ _ _ _ _ _ _ _ _ _ _ _ _ _ _ _ _ _ _ _ _
/home/matthew/anaconda3/lib/python3.12/site-packages/playwright/sync_api/_generated.py:15450: in click
    self._sync(
/home/matthew/anaconda3/lib/python3.12/site-packages/playwright/_impl/_locator.py:156: in click
    return await self._frame.click(self._selector, strict=True, **params)
           ^^^^^^^^^^^^^^^^^^^^^^^^^^^^^^^^^^^^^^^^^^^^^^^^^^^^^^^^^^^^^^
/home/matthew/anaconda3/lib/python3.12/site-packages/playwright/_impl/_frame.py:488: in click
    await self._channel.send("click", locals_to_params(locals()))
/home/matthew/anaconda3/lib/python3.12/site-packages/playwright/_impl/_connection.py:61: in send
    return await self._connection.wrap_api_call(
_ _ _ _ _ _ _ _ _ _ _ _ _ _ _ _ _ _ _ _ _ _ _ _ _ _ _ _ _ _ _ _ _ _ _ _ _ _ _ _

self = &lt;playwright._impl._connection.Connection object at 0x7fcb033996a0&gt;
cb = &lt;function Channel.send.&lt;locals&gt;.&lt;lambda&gt; at 0x7fcaf8487420&gt;
is_internal = False

    async def wrap_api_call(
        self, cb: Callable[[], Any], is_internal: bool = False
    ) -&gt; Any:
        if self._api_zone.get():
            return await cb()
        task = asyncio.current_task(self._loop)
        st: List[inspect.FrameInfo] = getattr(task, "__pw_stack__", inspect.stack())
        parsed_st = _extract_stack_trace_information_from_stack(st, is_internal)
        self._api_zone.set(parsed_st)
        try:
            return await cb()
        except Exception as error:
&gt;           raise rewrite_error(error, f"{parsed_st['apiName']}: {error}") from None
E           playwright._impl._errors.TimeoutError: Locator.click: Timeout 30000ms exceeded.
E           Call log:
E             - waiting for locator("[data-testid=\"stVirtualDropdown\"]").locator("text=\"Tennis\"")

/home/matthew/anaconda3/lib/python3.12/site-packages/playwright/_impl/_connection.py:528: TimeoutError</failure></testcase><testcase classname="tests.test_dashboard_playwright.TestSportsSelection" name="test_sport_has_data_or_error[NCAAB]" time="39.116"><failure message="playwright._impl._errors.TimeoutError: Locator.click: Timeout 30000ms exceeded.&#10;Call log:&#10;  - waiting for locator(&quot;[data-testid=\&quot;stVirtualDropdown\&quot;]&quot;).locator(&quot;text=\&quot;NCAAB\&quot;&quot;)">self = &lt;tests.test_dashboard_playwright.TestSportsSelection object at 0x7fcafa568d40&gt;
page = &lt;Page url='http://localhost:8501/'&gt;, sport = 'NCAAB'

    @pytest.mark.parametrize("sport", SPORTS)
    def test_sport_has_data_or_error(self, page: Page, sport):
        """Test that each sport either loads data or shows appropriate error."""
        # Select sport from sidebar dropdown
        sidebar_select = (
            page.locator('[data-testid="stSidebar"]')
            .locator('[data-testid="stSelectbox"]')
            .first
        )
        sidebar_select.click()
        time.sleep(1)
        page.locator('[data-testid="stVirtualDropdown"]').locator(
            f'text="{sport}"'
&gt;       ).click()
          ^^^^^^^

tests/test_dashboard_playwright.py:117:
_ _ _ _ _ _ _ _ _ _ _ _ _ _ _ _ _ _ _ _ _ _ _ _ _ _ _ _ _ _ _ _ _ _ _ _ _ _ _ _
/home/matthew/anaconda3/lib/python3.12/site-packages/playwright/sync_api/_generated.py:15450: in click
    self._sync(
/home/matthew/anaconda3/lib/python3.12/site-packages/playwright/_impl/_locator.py:156: in click
    return await self._frame.click(self._selector, strict=True, **params)
           ^^^^^^^^^^^^^^^^^^^^^^^^^^^^^^^^^^^^^^^^^^^^^^^^^^^^^^^^^^^^^^
/home/matthew/anaconda3/lib/python3.12/site-packages/playwright/_impl/_frame.py:488: in click
    await self._channel.send("click", locals_to_params(locals()))
/home/matthew/anaconda3/lib/python3.12/site-packages/playwright/_impl/_connection.py:61: in send
    return await self._connection.wrap_api_call(
_ _ _ _ _ _ _ _ _ _ _ _ _ _ _ _ _ _ _ _ _ _ _ _ _ _ _ _ _ _ _ _ _ _ _ _ _ _ _ _

self = &lt;playwright._impl._connection.Connection object at 0x7fcb033996a0&gt;
cb = &lt;function Channel.send.&lt;locals&gt;.&lt;lambda&gt; at 0x7fcaf83f3c40&gt;
is_internal = False

    async def wrap_api_call(
        self, cb: Callable[[], Any], is_internal: bool = False
    ) -&gt; Any:
        if self._api_zone.get():
            return await cb()
        task = asyncio.current_task(self._loop)
        st: List[inspect.FrameInfo] = getattr(task, "__pw_stack__", inspect.stack())
        parsed_st = _extract_stack_trace_information_from_stack(st, is_internal)
        self._api_zone.set(parsed_st)
        try:
            return await cb()
        except Exception as error:
&gt;           raise rewrite_error(error, f"{parsed_st['apiName']}: {error}") from None
E           playwright._impl._errors.TimeoutError: Locator.click: Timeout 30000ms exceeded.
E           Call log:
E             - waiting for locator("[data-testid=\"stVirtualDropdown\"]").locator("text=\"NCAAB\"")

/home/matthew/anaconda3/lib/python3.12/site-packages/playwright/_impl/_connection.py:528: TimeoutError</failure></testcase><testcase classname="tests.test_dashboard_playwright.TestSportsSelection" name="test_sport_has_data_or_error[WNCAAB]" time="38.915"><failure message="playwright._impl._errors.TimeoutError: Locator.click: Timeout 30000ms exceeded.&#10;Call log:&#10;  - waiting for locator(&quot;[data-testid=\&quot;stVirtualDropdown\&quot;]&quot;).locator(&quot;text=\&quot;WNCAAB\&quot;&quot;)">self = &lt;tests.test_dashboard_playwright.TestSportsSelection object at 0x7fcafa568e00&gt;
page = &lt;Page url='http://localhost:8501/'&gt;, sport = 'WNCAAB'

    @pytest.mark.parametrize("sport", SPORTS)
    def test_sport_has_data_or_error(self, page: Page, sport):
        """Test that each sport either loads data or shows appropriate error."""
        # Select sport from sidebar dropdown
        sidebar_select = (
            page.locator('[data-testid="stSidebar"]')
            .locator('[data-testid="stSelectbox"]')
            .first
        )
        sidebar_select.click()
        time.sleep(1)
        page.locator('[data-testid="stVirtualDropdown"]').locator(
            f'text="{sport}"'
&gt;       ).click()
          ^^^^^^^

tests/test_dashboard_playwright.py:117:
_ _ _ _ _ _ _ _ _ _ _ _ _ _ _ _ _ _ _ _ _ _ _ _ _ _ _ _ _ _ _ _ _ _ _ _ _ _ _ _
/home/matthew/anaconda3/lib/python3.12/site-packages/playwright/sync_api/_generated.py:15450: in click
    self._sync(
/home/matthew/anaconda3/lib/python3.12/site-packages/playwright/_impl/_locator.py:156: in click
    return await self._frame.click(self._selector, strict=True, **params)
           ^^^^^^^^^^^^^^^^^^^^^^^^^^^^^^^^^^^^^^^^^^^^^^^^^^^^^^^^^^^^^^
/home/matthew/anaconda3/lib/python3.12/site-packages/playwright/_impl/_frame.py:488: in click
    await self._channel.send("click", locals_to_params(locals()))
/home/matthew/anaconda3/lib/python3.12/site-packages/playwright/_impl/_connection.py:61: in send
    return await self._connection.wrap_api_call(
_ _ _ _ _ _ _ _ _ _ _ _ _ _ _ _ _ _ _ _ _ _ _ _ _ _ _ _ _ _ _ _ _ _ _ _ _ _ _ _

self = &lt;playwright._impl._connection.Connection object at 0x7fcb033996a0&gt;
cb = &lt;function Channel.send.&lt;locals&gt;.&lt;lambda&gt; at 0x7fcaf8295080&gt;
is_internal = False

    async def wrap_api_call(
        self, cb: Callable[[], Any], is_internal: bool = False
    ) -&gt; Any:
        if self._api_zone.get():
            return await cb()
        task = asyncio.current_task(self._loop)
        st: List[inspect.FrameInfo] = getattr(task, "__pw_stack__", inspect.stack())
        parsed_st = _extract_stack_trace_information_from_stack(st, is_internal)
        self._api_zone.set(parsed_st)
        try:
            return await cb()
        except Exception as error:
&gt;           raise rewrite_error(error, f"{parsed_st['apiName']}: {error}") from None
E           playwright._impl._errors.TimeoutError: Locator.click: Timeout 30000ms exceeded.
E           Call log:
E             - waiting for locator("[data-testid=\"stVirtualDropdown\"]").locator("text=\"WNCAAB\"")

/home/matthew/anaconda3/lib/python3.12/site-packages/playwright/_impl/_connection.py:528: TimeoutError</failure></testcase><testcase classname="tests.test_dashboard_playwright.TestSportsSelection" name="test_sport_has_data_or_error[Ligue1]" time="38.681"><failure message="playwright._impl._errors.TimeoutError: Locator.click: Timeout 30000ms exceeded.&#10;Call log:&#10;  - waiting for locator(&quot;[data-testid=\&quot;stVirtualDropdown\&quot;]&quot;).locator(&quot;text=\&quot;Ligue1\&quot;&quot;)">self = &lt;tests.test_dashboard_playwright.TestSportsSelection object at 0x7fcafa568ec0&gt;
page = &lt;Page url='http://localhost:8501/'&gt;, sport = 'Ligue1'

    @pytest.mark.parametrize("sport", SPORTS)
    def test_sport_has_data_or_error(self, page: Page, sport):
        """Test that each sport either loads data or shows appropriate error."""
        # Select sport from sidebar dropdown
        sidebar_select = (
            page.locator('[data-testid="stSidebar"]')
            .locator('[data-testid="stSelectbox"]')
            .first
        )
        sidebar_select.click()
        time.sleep(1)
        page.locator('[data-testid="stVirtualDropdown"]').locator(
            f'text="{sport}"'
&gt;       ).click()
          ^^^^^^^

tests/test_dashboard_playwright.py:117:
_ _ _ _ _ _ _ _ _ _ _ _ _ _ _ _ _ _ _ _ _ _ _ _ _ _ _ _ _ _ _ _ _ _ _ _ _ _ _ _
/home/matthew/anaconda3/lib/python3.12/site-packages/playwright/sync_api/_generated.py:15450: in click
    self._sync(
/home/matthew/anaconda3/lib/python3.12/site-packages/playwright/_impl/_locator.py:156: in click
    return await self._frame.click(self._selector, strict=True, **params)
           ^^^^^^^^^^^^^^^^^^^^^^^^^^^^^^^^^^^^^^^^^^^^^^^^^^^^^^^^^^^^^^
/home/matthew/anaconda3/lib/python3.12/site-packages/playwright/_impl/_frame.py:488: in click
    await self._channel.send("click", locals_to_params(locals()))
/home/matthew/anaconda3/lib/python3.12/site-packages/playwright/_impl/_connection.py:61: in send
    return await self._connection.wrap_api_call(
_ _ _ _ _ _ _ _ _ _ _ _ _ _ _ _ _ _ _ _ _ _ _ _ _ _ _ _ _ _ _ _ _ _ _ _ _ _ _ _

self = &lt;playwright._impl._connection.Connection object at 0x7fcb033996a0&gt;
cb = &lt;function Channel.send.&lt;locals&gt;.&lt;lambda&gt; at 0x7fcaf83ea980&gt;
is_internal = False

    async def wrap_api_call(
        self, cb: Callable[[], Any], is_internal: bool = False
    ) -&gt; Any:
        if self._api_zone.get():
            return await cb()
        task = asyncio.current_task(self._loop)
        st: List[inspect.FrameInfo] = getattr(task, "__pw_stack__", inspect.stack())
        parsed_st = _extract_stack_trace_information_from_stack(st, is_internal)
        self._api_zone.set(parsed_st)
        try:
            return await cb()
        except Exception as error:
&gt;           raise rewrite_error(error, f"{parsed_st['apiName']}: {error}") from None
E           playwright._impl._errors.TimeoutError: Locator.click: Timeout 30000ms exceeded.
E           Call log:
E             - waiting for locator("[data-testid=\"stVirtualDropdown\"]").locator("text=\"Ligue1\"")

/home/matthew/anaconda3/lib/python3.12/site-packages/playwright/_impl/_connection.py:528: TimeoutError</failure></testcase><testcase classname="tests.test_dashboard_playwright.TestEloAnalysisTabs" name="test_tab_content[Lift Chart-Lift by Elo Probability Decile]" time="42.719"><failure message="playwright._impl._errors.TimeoutError: Locator.click: Timeout 30000ms exceeded.&#10;Call log:&#10;  - waiting for locator(&quot;text=\&quot;Lift Chart\&quot;&quot;)">self = &lt;tests.test_dashboard_playwright.TestEloAnalysisTabs object at 0x7fcafa5176b0&gt;
page = &lt;Page url='http://localhost:8501/'&gt;, tab_name = 'Lift Chart'
expected_content = 'Lift by Elo Probability Decile'

    @pytest.mark.parametrize("tab_name,expected_content", TABS)
    def test_tab_content(self, page: Page, tab_name, expected_content):
        """Test that each tab displays expected content."""
        # Select a sport with data (NHL default should work)
        # NHL is already selected, just wait for it to load
        time.sleep(5)

        # Click on tab
&gt;       page.locator(f'text="{tab_name}"').click()

tests/test_dashboard_playwright.py:156:
_ _ _ _ _ _ _ _ _ _ _ _ _ _ _ _ _ _ _ _ _ _ _ _ _ _ _ _ _ _ _ _ _ _ _ _ _ _ _ _
/home/matthew/anaconda3/lib/python3.12/site-packages/playwright/sync_api/_generated.py:15450: in click
    self._sync(
/home/matthew/anaconda3/lib/python3.12/site-packages/playwright/_impl/_locator.py:156: in click
    return await self._frame.click(self._selector, strict=True, **params)
           ^^^^^^^^^^^^^^^^^^^^^^^^^^^^^^^^^^^^^^^^^^^^^^^^^^^^^^^^^^^^^^
/home/matthew/anaconda3/lib/python3.12/site-packages/playwright/_impl/_frame.py:488: in click
    await self._channel.send("click", locals_to_params(locals()))
/home/matthew/anaconda3/lib/python3.12/site-packages/playwright/_impl/_connection.py:61: in send
    return await self._connection.wrap_api_call(
_ _ _ _ _ _ _ _ _ _ _ _ _ _ _ _ _ _ _ _ _ _ _ _ _ _ _ _ _ _ _ _ _ _ _ _ _ _ _ _

self = &lt;playwright._impl._connection.Connection object at 0x7fcb033996a0&gt;
cb = &lt;function Channel.send.&lt;locals&gt;.&lt;lambda&gt; at 0x7fcaf83e9d00&gt;
is_internal = False

    async def wrap_api_call(
        self, cb: Callable[[], Any], is_internal: bool = False
    ) -&gt; Any:
        if self._api_zone.get():
            return await cb()
        task = asyncio.current_task(self._loop)
        st: List[inspect.FrameInfo] = getattr(task, "__pw_stack__", inspect.stack())
        parsed_st = _extract_stack_trace_information_from_stack(st, is_internal)
        self._api_zone.set(parsed_st)
        try:
            return await cb()
        except Exception as error:
&gt;           raise rewrite_error(error, f"{parsed_st['apiName']}: {error}") from None
E           playwright._impl._errors.TimeoutError: Locator.click: Timeout 30000ms exceeded.
E           Call log:
E             - waiting for locator("text=\"Lift Chart\"")

/home/matthew/anaconda3/lib/python3.12/site-packages/playwright/_impl/_connection.py:528: TimeoutError</failure></testcase><testcase classname="tests.test_dashboard_playwright.TestEloAnalysisTabs" name="test_tab_content[Calibration-Calibration Plot]" time="42.263"><failure message="playwright._impl._errors.TimeoutError: Locator.click: Timeout 30000ms exceeded.&#10;Call log:&#10;  - waiting for locator(&quot;text=\&quot;Calibration\&quot;&quot;)">self = &lt;tests.test_dashboard_playwright.TestEloAnalysisTabs object at 0x7fcafa542d20&gt;
page = &lt;Page url='http://localhost:8501/'&gt;, tab_name = 'Calibration'
expected_content = 'Calibration Plot'

    @pytest.mark.parametrize("tab_name,expected_content", TABS)
    def test_tab_content(self, page: Page, tab_name, expected_content):
        """Test that each tab displays expected content."""
        # Select a sport with data (NHL default should work)
        # NHL is already selected, just wait for it to load
        time.sleep(5)

        # Click on tab
&gt;       page.locator(f'text="{tab_name}"').click()

tests/test_dashboard_playwright.py:156:
_ _ _ _ _ _ _ _ _ _ _ _ _ _ _ _ _ _ _ _ _ _ _ _ _ _ _ _ _ _ _ _ _ _ _ _ _ _ _ _
/home/matthew/anaconda3/lib/python3.12/site-packages/playwright/sync_api/_generated.py:15450: in click
    self._sync(
/home/matthew/anaconda3/lib/python3.12/site-packages/playwright/_impl/_locator.py:156: in click
    return await self._frame.click(self._selector, strict=True, **params)
           ^^^^^^^^^^^^^^^^^^^^^^^^^^^^^^^^^^^^^^^^^^^^^^^^^^^^^^^^^^^^^^
/home/matthew/anaconda3/lib/python3.12/site-packages/playwright/_impl/_frame.py:488: in click
    await self._channel.send("click", locals_to_params(locals()))
/home/matthew/anaconda3/lib/python3.12/site-packages/playwright/_impl/_connection.py:61: in send
    return await self._connection.wrap_api_call(
_ _ _ _ _ _ _ _ _ _ _ _ _ _ _ _ _ _ _ _ _ _ _ _ _ _ _ _ _ _ _ _ _ _ _ _ _ _ _ _

self = &lt;playwright._impl._connection.Connection object at 0x7fcb033996a0&gt;
cb = &lt;function Channel.send.&lt;locals&gt;.&lt;lambda&gt; at 0x7fcaf82a34c0&gt;
is_internal = False

    async def wrap_api_call(
        self, cb: Callable[[], Any], is_internal: bool = False
    ) -&gt; Any:
        if self._api_zone.get():
            return await cb()
        task = asyncio.current_task(self._loop)
        st: List[inspect.FrameInfo] = getattr(task, "__pw_stack__", inspect.stack())
        parsed_st = _extract_stack_trace_information_from_stack(st, is_internal)
        self._api_zone.set(parsed_st)
        try:
            return await cb()
        except Exception as error:
&gt;           raise rewrite_error(error, f"{parsed_st['apiName']}: {error}") from None
E           playwright._impl._errors.TimeoutError: Locator.click: Timeout 30000ms exceeded.
E           Call log:
E             - waiting for locator("text=\"Calibration\"")

/home/matthew/anaconda3/lib/python3.12/site-packages/playwright/_impl/_connection.py:528: TimeoutError</failure></testcase><testcase classname="tests.test_dashboard_playwright.TestEloAnalysisTabs" name="test_tab_content[ROI Analysis-ROI by Decile]" time="0.620"><error message="failed on setup with &quot;playwright._impl._errors.Error: Page.goto: net::ERR_CONNECTION_REFUSED at http://localhost:8501/&#10;Call log:&#10;  - navigating to &quot;http://localhost:8501/&quot;, waiting until &quot;load&quot;&quot;">dashboard_url = 'http://localhost:8501'
playwright = &lt;playwright._impl._playwright.Playwright object at 0x7fcaf8ccea50&gt;

    @pytest.fixture(scope="function")
    def page(dashboard_url, playwright):
        """Create a new page for each test."""
        browser = playwright.chromium.launch(headless=True)
        context = browser.new_context()
        page = context.new_page()
&gt;       page.goto(dashboard_url)

tests/test_dashboard_playwright.py:34:
_ _ _ _ _ _ _ _ _ _ _ _ _ _ _ _ _ _ _ _ _ _ _ _ _ _ _ _ _ _ _ _ _ _ _ _ _ _ _ _
/home/matthew/anaconda3/lib/python3.12/site-packages/playwright/sync_api/_generated.py:9006: in goto
    self._sync(
/home/matthew/anaconda3/lib/python3.12/site-packages/playwright/_impl/_page.py:551: in goto
    return await self._main_frame.goto(**locals_to_params(locals()))
           ^^^^^^^^^^^^^^^^^^^^^^^^^^^^^^^^^^^^^^^^^^^^^^^^^^^^^^^^^
/home/matthew/anaconda3/lib/python3.12/site-packages/playwright/_impl/_frame.py:145: in goto
    await self._channel.send("goto", locals_to_params(locals()))
/home/matthew/anaconda3/lib/python3.12/site-packages/playwright/_impl/_connection.py:61: in send
    return await self._connection.wrap_api_call(
_ _ _ _ _ _ _ _ _ _ _ _ _ _ _ _ _ _ _ _ _ _ _ _ _ _ _ _ _ _ _ _ _ _ _ _ _ _ _ _

self = &lt;playwright._impl._connection.Connection object at 0x7fcb033996a0&gt;
cb = &lt;function Channel.send.&lt;locals&gt;.&lt;lambda&gt; at 0x7fcaf82af2e0&gt;
is_internal = False

    async def wrap_api_call(
        self, cb: Callable[[], Any], is_internal: bool = False
    ) -&gt; Any:
        if self._api_zone.get():
            return await cb()
        task = asyncio.current_task(self._loop)
        st: List[inspect.FrameInfo] = getattr(task, "__pw_stack__", inspect.stack())
        parsed_st = _extract_stack_trace_information_from_stack(st, is_internal)
        self._api_zone.set(parsed_st)
        try:
            return await cb()
        except Exception as error:
&gt;           raise rewrite_error(error, f"{parsed_st['apiName']}: {error}") from None
E           playwright._impl._errors.Error: Page.goto: net::ERR_CONNECTION_REFUSED at http://localhost:8501/
E           Call log:
E             - navigating to "http://localhost:8501/", waiting until "load"

/home/matthew/anaconda3/lib/python3.12/site-packages/playwright/_impl/_connection.py:528: Error</error></testcase><testcase classname="tests.test_dashboard_playwright.TestEloAnalysisTabs" name="test_tab_content[Cumulative Gain-Cumulative Gain]" time="0.493"><error message="failed on setup with &quot;playwright._impl._errors.Error: Page.goto: net::ERR_CONNECTION_REFUSED at http://localhost:8501/&#10;Call log:&#10;  - navigating to &quot;http://localhost:8501/&quot;, waiting until &quot;load&quot;&quot;">dashboard_url = 'http://localhost:8501'
playwright = &lt;playwright._impl._playwright.Playwright object at 0x7fcaf8ccea50&gt;

    @pytest.fixture(scope="function")
    def page(dashboard_url, playwright):
        """Create a new page for each test."""
        browser = playwright.chromium.launch(headless=True)
        context = browser.new_context()
        page = context.new_page()
&gt;       page.goto(dashboard_url)

tests/test_dashboard_playwright.py:34:
_ _ _ _ _ _ _ _ _ _ _ _ _ _ _ _ _ _ _ _ _ _ _ _ _ _ _ _ _ _ _ _ _ _ _ _ _ _ _ _
/home/matthew/anaconda3/lib/python3.12/site-packages/playwright/sync_api/_generated.py:9006: in goto
    self._sync(
/home/matthew/anaconda3/lib/python3.12/site-packages/playwright/_impl/_page.py:551: in goto
    return await self._main_frame.goto(**locals_to_params(locals()))
           ^^^^^^^^^^^^^^^^^^^^^^^^^^^^^^^^^^^^^^^^^^^^^^^^^^^^^^^^^
/home/matthew/anaconda3/lib/python3.12/site-packages/playwright/_impl/_frame.py:145: in goto
    await self._channel.send("goto", locals_to_params(locals()))
/home/matthew/anaconda3/lib/python3.12/site-packages/playwright/_impl/_connection.py:61: in send
    return await self._connection.wrap_api_call(
_ _ _ _ _ _ _ _ _ _ _ _ _ _ _ _ _ _ _ _ _ _ _ _ _ _ _ _ _ _ _ _ _ _ _ _ _ _ _ _

self = &lt;playwright._impl._connection.Connection object at 0x7fcb033996a0&gt;
cb = &lt;function Channel.send.&lt;locals&gt;.&lt;lambda&gt; at 0x7fcaf82bbd80&gt;
is_internal = False

    async def wrap_api_call(
        self, cb: Callable[[], Any], is_internal: bool = False
    ) -&gt; Any:
        if self._api_zone.get():
            return await cb()
        task = asyncio.current_task(self._loop)
        st: List[inspect.FrameInfo] = getattr(task, "__pw_stack__", inspect.stack())
        parsed_st = _extract_stack_trace_information_from_stack(st, is_internal)
        self._api_zone.set(parsed_st)
        try:
            return await cb()
        except Exception as error:
&gt;           raise rewrite_error(error, f"{parsed_st['apiName']}: {error}") from None
E           playwright._impl._errors.Error: Page.goto: net::ERR_CONNECTION_REFUSED at http://localhost:8501/
E           Call log:
E             - navigating to "http://localhost:8501/", waiting until "load"

/home/matthew/anaconda3/lib/python3.12/site-packages/playwright/_impl/_connection.py:528: Error</error></testcase><testcase classname="tests.test_dashboard_playwright.TestEloAnalysisTabs" name="test_tab_content[Elo vs Glicko-2-Elo vs Glicko-2]" time="0.463"><error message="failed on setup with &quot;playwright._impl._errors.Error: Page.goto: net::ERR_CONNECTION_REFUSED at http://localhost:8501/&#10;Call log:&#10;  - navigating to &quot;http://localhost:8501/&quot;, waiting until &quot;load&quot;&quot;">dashboard_url = 'http://localhost:8501'
playwright = &lt;playwright._impl._playwright.Playwright object at 0x7fcaf8ccea50&gt;

    @pytest.fixture(scope="function")
    def page(dashboard_url, playwright):
        """Create a new page for each test."""
        browser = playwright.chromium.launch(headless=True)
        context = browser.new_context()
        page = context.new_page()
&gt;       page.goto(dashboard_url)

tests/test_dashboard_playwright.py:34:
_ _ _ _ _ _ _ _ _ _ _ _ _ _ _ _ _ _ _ _ _ _ _ _ _ _ _ _ _ _ _ _ _ _ _ _ _ _ _ _
/home/matthew/anaconda3/lib/python3.12/site-packages/playwright/sync_api/_generated.py:9006: in goto
    self._sync(
/home/matthew/anaconda3/lib/python3.12/site-packages/playwright/_impl/_page.py:551: in goto
    return await self._main_frame.goto(**locals_to_params(locals()))
           ^^^^^^^^^^^^^^^^^^^^^^^^^^^^^^^^^^^^^^^^^^^^^^^^^^^^^^^^^
/home/matthew/anaconda3/lib/python3.12/site-packages/playwright/_impl/_frame.py:145: in goto
    await self._channel.send("goto", locals_to_params(locals()))
/home/matthew/anaconda3/lib/python3.12/site-packages/playwright/_impl/_connection.py:61: in send
    return await self._connection.wrap_api_call(
_ _ _ _ _ _ _ _ _ _ _ _ _ _ _ _ _ _ _ _ _ _ _ _ _ _ _ _ _ _ _ _ _ _ _ _ _ _ _ _

self = &lt;playwright._impl._connection.Connection object at 0x7fcb033996a0&gt;
cb = &lt;function Channel.send.&lt;locals&gt;.&lt;lambda&gt; at 0x7fcaf82afd80&gt;
is_internal = False

    async def wrap_api_call(
        self, cb: Callable[[], Any], is_internal: bool = False
    ) -&gt; Any:
        if self._api_zone.get():
            return await cb()
        task = asyncio.current_task(self._loop)
        st: List[inspect.FrameInfo] = getattr(task, "__pw_stack__", inspect.stack())
        parsed_st = _extract_stack_trace_information_from_stack(st, is_internal)
        self._api_zone.set(parsed_st)
        try:
            return await cb()
        except Exception as error:
&gt;           raise rewrite_error(error, f"{parsed_st['apiName']}: {error}") from None
E           playwright._impl._errors.Error: Page.goto: net::ERR_CONNECTION_REFUSED at http://localhost:8501/
E           Call log:
E             - navigating to "http://localhost:8501/", waiting until "load"

/home/matthew/anaconda3/lib/python3.12/site-packages/playwright/_impl/_connection.py:528: Error</error></testcase><testcase classname="tests.test_dashboard_playwright.TestEloAnalysisTabs" name="test_tab_content[Details-Game Details]" time="0.424"><error message="failed on setup with &quot;playwright._impl._errors.Error: Page.goto: net::ERR_CONNECTION_REFUSED at http://localhost:8501/&#10;Call log:&#10;  - navigating to &quot;http://localhost:8501/&quot;, waiting until &quot;load&quot;&quot;">dashboard_url = 'http://localhost:8501'
playwright = &lt;playwright._impl._playwright.Playwright object at 0x7fcaf8ccea50&gt;

    @pytest.fixture(scope="function")
    def page(dashboard_url, playwright):
        """Create a new page for each test."""
        browser = playwright.chromium.launch(headless=True)
        context = browser.new_context()
        page = context.new_page()
&gt;       page.goto(dashboard_url)

tests/test_dashboard_playwright.py:34:
_ _ _ _ _ _ _ _ _ _ _ _ _ _ _ _ _ _ _ _ _ _ _ _ _ _ _ _ _ _ _ _ _ _ _ _ _ _ _ _
/home/matthew/anaconda3/lib/python3.12/site-packages/playwright/sync_api/_generated.py:9006: in goto
    self._sync(
/home/matthew/anaconda3/lib/python3.12/site-packages/playwright/_impl/_page.py:551: in goto
    return await self._main_frame.goto(**locals_to_params(locals()))
           ^^^^^^^^^^^^^^^^^^^^^^^^^^^^^^^^^^^^^^^^^^^^^^^^^^^^^^^^^
/home/matthew/anaconda3/lib/python3.12/site-packages/playwright/_impl/_frame.py:145: in goto
    await self._channel.send("goto", locals_to_params(locals()))
/home/matthew/anaconda3/lib/python3.12/site-packages/playwright/_impl/_connection.py:61: in send
    return await self._connection.wrap_api_call(
_ _ _ _ _ _ _ _ _ _ _ _ _ _ _ _ _ _ _ _ _ _ _ _ _ _ _ _ _ _ _ _ _ _ _ _ _ _ _ _

self = &lt;playwright._impl._connection.Connection object at 0x7fcb033996a0&gt;
cb = &lt;function Channel.send.&lt;locals&gt;.&lt;lambda&gt; at 0x7fcaf82a5c60&gt;
is_internal = False

    async def wrap_api_call(
        self, cb: Callable[[], Any], is_internal: bool = False
    ) -&gt; Any:
        if self._api_zone.get():
            return await cb()
        task = asyncio.current_task(self._loop)
        st: List[inspect.FrameInfo] = getattr(task, "__pw_stack__", inspect.stack())
        parsed_st = _extract_stack_trace_information_from_stack(st, is_internal)
        self._api_zone.set(parsed_st)
        try:
            return await cb()
        except Exception as error:
&gt;           raise rewrite_error(error, f"{parsed_st['apiName']}: {error}") from None
E           playwright._impl._errors.Error: Page.goto: net::ERR_CONNECTION_REFUSED at http://localhost:8501/
E           Call log:
E             - navigating to "http://localhost:8501/", waiting until "load"

/home/matthew/anaconda3/lib/python3.12/site-packages/playwright/_impl/_connection.py:528: Error</error></testcase><testcase classname="tests.test_dashboard_playwright.TestEloAnalysisTabs" name="test_tab_content[Season Timing-Season Analysis]" time="0.533"><error message="failed on setup with &quot;playwright._impl._errors.Error: Page.goto: net::ERR_CONNECTION_REFUSED at http://localhost:8501/&#10;Call log:&#10;  - navigating to &quot;http://localhost:8501/&quot;, waiting until &quot;load&quot;&quot;">dashboard_url = 'http://localhost:8501'
playwright = &lt;playwright._impl._playwright.Playwright object at 0x7fcaf8ccea50&gt;

    @pytest.fixture(scope="function")
    def page(dashboard_url, playwright):
        """Create a new page for each test."""
        browser = playwright.chromium.launch(headless=True)
        context = browser.new_context()
        page = context.new_page()
&gt;       page.goto(dashboard_url)

tests/test_dashboard_playwright.py:34:
_ _ _ _ _ _ _ _ _ _ _ _ _ _ _ _ _ _ _ _ _ _ _ _ _ _ _ _ _ _ _ _ _ _ _ _ _ _ _ _
/home/matthew/anaconda3/lib/python3.12/site-packages/playwright/sync_api/_generated.py:9006: in goto
    self._sync(
/home/matthew/anaconda3/lib/python3.12/site-packages/playwright/_impl/_page.py:551: in goto
    return await self._main_frame.goto(**locals_to_params(locals()))
           ^^^^^^^^^^^^^^^^^^^^^^^^^^^^^^^^^^^^^^^^^^^^^^^^^^^^^^^^^
/home/matthew/anaconda3/lib/python3.12/site-packages/playwright/_impl/_frame.py:145: in goto
    await self._channel.send("goto", locals_to_params(locals()))
/home/matthew/anaconda3/lib/python3.12/site-packages/playwright/_impl/_connection.py:61: in send
    return await self._connection.wrap_api_call(
_ _ _ _ _ _ _ _ _ _ _ _ _ _ _ _ _ _ _ _ _ _ _ _ _ _ _ _ _ _ _ _ _ _ _ _ _ _ _ _

self = &lt;playwright._impl._connection.Connection object at 0x7fcb033996a0&gt;
cb = &lt;function Channel.send.&lt;locals&gt;.&lt;lambda&gt; at 0x7fcaf82a4720&gt;
is_internal = False

    async def wrap_api_call(
        self, cb: Callable[[], Any], is_internal: bool = False
    ) -&gt; Any:
        if self._api_zone.get():
            return await cb()
        task = asyncio.current_task(self._loop)
        st: List[inspect.FrameInfo] = getattr(task, "__pw_stack__", inspect.stack())
        parsed_st = _extract_stack_trace_information_from_stack(st, is_internal)
        self._api_zone.set(parsed_st)
        try:
            return await cb()
        except Exception as error:
&gt;           raise rewrite_error(error, f"{parsed_st['apiName']}: {error}") from None
E           playwright._impl._errors.Error: Page.goto: net::ERR_CONNECTION_REFUSED at http://localhost:8501/
E           Call log:
E             - navigating to "http://localhost:8501/", waiting until "load"

/home/matthew/anaconda3/lib/python3.12/site-packages/playwright/_impl/_connection.py:528: Error</error></testcase><testcase classname="tests.test_dashboard_playwright.TestLiftChartDetails" name="test_lift_chart_has_visualization_nhl" time="0.502"><error message="failed on setup with &quot;playwright._impl._errors.Error: Page.goto: net::ERR_CONNECTION_REFUSED at http://localhost:8501/&#10;Call log:&#10;  - navigating to &quot;http://localhost:8501/&quot;, waiting until &quot;load&quot;&quot;">dashboard_url = 'http://localhost:8501'
playwright = &lt;playwright._impl._playwright.Playwright object at 0x7fcaf8ccea50&gt;

    @pytest.fixture(scope="function")
    def page(dashboard_url, playwright):
        """Create a new page for each test."""
        browser = playwright.chromium.launch(headless=True)
        context = browser.new_context()
        page = context.new_page()
&gt;       page.goto(dashboard_url)

tests/test_dashboard_playwright.py:34:
_ _ _ _ _ _ _ _ _ _ _ _ _ _ _ _ _ _ _ _ _ _ _ _ _ _ _ _ _ _ _ _ _ _ _ _ _ _ _ _
/home/matthew/anaconda3/lib/python3.12/site-packages/playwright/sync_api/_generated.py:9006: in goto
    self._sync(
/home/matthew/anaconda3/lib/python3.12/site-packages/playwright/_impl/_page.py:551: in goto
    return await self._main_frame.goto(**locals_to_params(locals()))
           ^^^^^^^^^^^^^^^^^^^^^^^^^^^^^^^^^^^^^^^^^^^^^^^^^^^^^^^^^
/home/matthew/anaconda3/lib/python3.12/site-packages/playwright/_impl/_frame.py:145: in goto
    await self._channel.send("goto", locals_to_params(locals()))
/home/matthew/anaconda3/lib/python3.12/site-packages/playwright/_impl/_connection.py:61: in send
    return await self._connection.wrap_api_call(
_ _ _ _ _ _ _ _ _ _ _ _ _ _ _ _ _ _ _ _ _ _ _ _ _ _ _ _ _ _ _ _ _ _ _ _ _ _ _ _

self = &lt;playwright._impl._connection.Connection object at 0x7fcb033996a0&gt;
cb = &lt;function Channel.send.&lt;locals&gt;.&lt;lambda&gt; at 0x7fcaf82a47c0&gt;
is_internal = False

    async def wrap_api_call(
        self, cb: Callable[[], Any], is_internal: bool = False
    ) -&gt; Any:
        if self._api_zone.get():
            return await cb()
        task = asyncio.current_task(self._loop)
        st: List[inspect.FrameInfo] = getattr(task, "__pw_stack__", inspect.stack())
        parsed_st = _extract_stack_trace_information_from_stack(st, is_internal)
        self._api_zone.set(parsed_st)
        try:
            return await cb()
        except Exception as error:
&gt;           raise rewrite_error(error, f"{parsed_st['apiName']}: {error}") from None
E           playwright._impl._errors.Error: Page.goto: net::ERR_CONNECTION_REFUSED at http://localhost:8501/
E           Call log:
E             - navigating to "http://localhost:8501/", waiting until "load"

/home/matthew/anaconda3/lib/python3.12/site-packages/playwright/_impl/_connection.py:528: Error</error></testcase><testcase classname="tests.test_dashboard_playwright.TestLiftChartDetails" name="test_lift_chart_wncaab" time="0.448"><error message="failed on setup with &quot;playwright._impl._errors.Error: Page.goto: net::ERR_CONNECTION_REFUSED at http://localhost:8501/&#10;Call log:&#10;  - navigating to &quot;http://localhost:8501/&quot;, waiting until &quot;load&quot;&quot;">dashboard_url = 'http://localhost:8501'
playwright = &lt;playwright._impl._playwright.Playwright object at 0x7fcaf8ccea50&gt;

    @pytest.fixture(scope="function")
    def page(dashboard_url, playwright):
        """Create a new page for each test."""
        browser = playwright.chromium.launch(headless=True)
        context = browser.new_context()
        page = context.new_page()
&gt;       page.goto(dashboard_url)

tests/test_dashboard_playwright.py:34:
_ _ _ _ _ _ _ _ _ _ _ _ _ _ _ _ _ _ _ _ _ _ _ _ _ _ _ _ _ _ _ _ _ _ _ _ _ _ _ _
/home/matthew/anaconda3/lib/python3.12/site-packages/playwright/sync_api/_generated.py:9006: in goto
    self._sync(
/home/matthew/anaconda3/lib/python3.12/site-packages/playwright/_impl/_page.py:551: in goto
    return await self._main_frame.goto(**locals_to_params(locals()))
           ^^^^^^^^^^^^^^^^^^^^^^^^^^^^^^^^^^^^^^^^^^^^^^^^^^^^^^^^^
/home/matthew/anaconda3/lib/python3.12/site-packages/playwright/_impl/_frame.py:145: in goto
    await self._channel.send("goto", locals_to_params(locals()))
/home/matthew/anaconda3/lib/python3.12/site-packages/playwright/_impl/_connection.py:61: in send
    return await self._connection.wrap_api_call(
_ _ _ _ _ _ _ _ _ _ _ _ _ _ _ _ _ _ _ _ _ _ _ _ _ _ _ _ _ _ _ _ _ _ _ _ _ _ _ _

self = &lt;playwright._impl._connection.Connection object at 0x7fcb033996a0&gt;
cb = &lt;function Channel.send.&lt;locals&gt;.&lt;lambda&gt; at 0x7fcaf82cac00&gt;
is_internal = False

    async def wrap_api_call(
        self, cb: Callable[[], Any], is_internal: bool = False
    ) -&gt; Any:
        if self._api_zone.get():
            return await cb()
        task = asyncio.current_task(self._loop)
        st: List[inspect.FrameInfo] = getattr(task, "__pw_stack__", inspect.stack())
        parsed_st = _extract_stack_trace_information_from_stack(st, is_internal)
        self._api_zone.set(parsed_st)
        try:
            return await cb()
        except Exception as error:
&gt;           raise rewrite_error(error, f"{parsed_st['apiName']}: {error}") from None
E           playwright._impl._errors.Error: Page.goto: net::ERR_CONNECTION_REFUSED at http://localhost:8501/
E           Call log:
E             - navigating to "http://localhost:8501/", waiting until "load"

/home/matthew/anaconda3/lib/python3.12/site-packages/playwright/_impl/_connection.py:528: Error</error></testcase><testcase classname="tests.test_dashboard_playwright.TestCalibrationPlot" name="test_calibration_plot_exists_nhl" time="0.428"><error message="failed on setup with &quot;playwright._impl._errors.Error: Page.goto: net::ERR_CONNECTION_REFUSED at http://localhost:8501/&#10;Call log:&#10;  - navigating to &quot;http://localhost:8501/&quot;, waiting until &quot;load&quot;&quot;">dashboard_url = 'http://localhost:8501'
playwright = &lt;playwright._impl._playwright.Playwright object at 0x7fcaf8ccea50&gt;

    @pytest.fixture(scope="function")
    def page(dashboard_url, playwright):
        """Create a new page for each test."""
        browser = playwright.chromium.launch(headless=True)
        context = browser.new_context()
        page = context.new_page()
&gt;       page.goto(dashboard_url)

tests/test_dashboard_playwright.py:34:
_ _ _ _ _ _ _ _ _ _ _ _ _ _ _ _ _ _ _ _ _ _ _ _ _ _ _ _ _ _ _ _ _ _ _ _ _ _ _ _
/home/matthew/anaconda3/lib/python3.12/site-packages/playwright/sync_api/_generated.py:9006: in goto
    self._sync(
/home/matthew/anaconda3/lib/python3.12/site-packages/playwright/_impl/_page.py:551: in goto
    return await self._main_frame.goto(**locals_to_params(locals()))
           ^^^^^^^^^^^^^^^^^^^^^^^^^^^^^^^^^^^^^^^^^^^^^^^^^^^^^^^^^
/home/matthew/anaconda3/lib/python3.12/site-packages/playwright/_impl/_frame.py:145: in goto
    await self._channel.send("goto", locals_to_params(locals()))
/home/matthew/anaconda3/lib/python3.12/site-packages/playwright/_impl/_connection.py:61: in send
    return await self._connection.wrap_api_call(
_ _ _ _ _ _ _ _ _ _ _ _ _ _ _ _ _ _ _ _ _ _ _ _ _ _ _ _ _ _ _ _ _ _ _ _ _ _ _ _

self = &lt;playwright._impl._connection.Connection object at 0x7fcb033996a0&gt;
cb = &lt;function Channel.send.&lt;locals&gt;.&lt;lambda&gt; at 0x7fcaf82a2980&gt;
is_internal = False

    async def wrap_api_call(
        self, cb: Callable[[], Any], is_internal: bool = False
    ) -&gt; Any:
        if self._api_zone.get():
            return await cb()
        task = asyncio.current_task(self._loop)
        st: List[inspect.FrameInfo] = getattr(task, "__pw_stack__", inspect.stack())
        parsed_st = _extract_stack_trace_information_from_stack(st, is_internal)
        self._api_zone.set(parsed_st)
        try:
            return await cb()
        except Exception as error:
&gt;           raise rewrite_error(error, f"{parsed_st['apiName']}: {error}") from None
E           playwright._impl._errors.Error: Page.goto: net::ERR_CONNECTION_REFUSED at http://localhost:8501/
E           Call log:
E             - navigating to "http://localhost:8501/", waiting until "load"

/home/matthew/anaconda3/lib/python3.12/site-packages/playwright/_impl/_connection.py:528: Error</error></testcase><testcase classname="tests.test_dashboard_playwright.TestCalibrationPlot" name="test_calibration_plot_all_sports" time="0.493"><error message="failed on setup with &quot;playwright._impl._errors.Error: Page.goto: net::ERR_CONNECTION_REFUSED at http://localhost:8501/&#10;Call log:&#10;  - navigating to &quot;http://localhost:8501/&quot;, waiting until &quot;load&quot;&quot;">dashboard_url = 'http://localhost:8501'
playwright = &lt;playwright._impl._playwright.Playwright object at 0x7fcaf8ccea50&gt;

    @pytest.fixture(scope="function")
    def page(dashboard_url, playwright):
        """Create a new page for each test."""
        browser = playwright.chromium.launch(headless=True)
        context = browser.new_context()
        page = context.new_page()
&gt;       page.goto(dashboard_url)

tests/test_dashboard_playwright.py:34:
_ _ _ _ _ _ _ _ _ _ _ _ _ _ _ _ _ _ _ _ _ _ _ _ _ _ _ _ _ _ _ _ _ _ _ _ _ _ _ _
/home/matthew/anaconda3/lib/python3.12/site-packages/playwright/sync_api/_generated.py:9006: in goto
    self._sync(
/home/matthew/anaconda3/lib/python3.12/site-packages/playwright/_impl/_page.py:551: in goto
    return await self._main_frame.goto(**locals_to_params(locals()))
           ^^^^^^^^^^^^^^^^^^^^^^^^^^^^^^^^^^^^^^^^^^^^^^^^^^^^^^^^^
/home/matthew/anaconda3/lib/python3.12/site-packages/playwright/_impl/_frame.py:145: in goto
    await self._channel.send("goto", locals_to_params(locals()))
/home/matthew/anaconda3/lib/python3.12/site-packages/playwright/_impl/_connection.py:61: in send
    return await self._connection.wrap_api_call(
_ _ _ _ _ _ _ _ _ _ _ _ _ _ _ _ _ _ _ _ _ _ _ _ _ _ _ _ _ _ _ _ _ _ _ _ _ _ _ _

self = &lt;playwright._impl._connection.Connection object at 0x7fcb033996a0&gt;
cb = &lt;function Channel.send.&lt;locals&gt;.&lt;lambda&gt; at 0x7fcaf8c68b80&gt;
is_internal = False

    async def wrap_api_call(
        self, cb: Callable[[], Any], is_internal: bool = False
    ) -&gt; Any:
        if self._api_zone.get():
            return await cb()
        task = asyncio.current_task(self._loop)
        st: List[inspect.FrameInfo] = getattr(task, "__pw_stack__", inspect.stack())
        parsed_st = _extract_stack_trace_information_from_stack(st, is_internal)
        self._api_zone.set(parsed_st)
        try:
            return await cb()
        except Exception as error:
&gt;           raise rewrite_error(error, f"{parsed_st['apiName']}: {error}") from None
E           playwright._impl._errors.Error: Page.goto: net::ERR_CONNECTION_REFUSED at http://localhost:8501/
E           Call log:
E             - navigating to "http://localhost:8501/", waiting until "load"

/home/matthew/anaconda3/lib/python3.12/site-packages/playwright/_impl/_connection.py:528: Error</error></testcase><testcase classname="tests.test_dashboard_playwright.TestROIAnalysis" name="test_roi_chart_exists" time="0.420"><error message="failed on setup with &quot;playwright._impl._errors.Error: Page.goto: net::ERR_CONNECTION_REFUSED at http://localhost:8501/&#10;Call log:&#10;  - navigating to &quot;http://localhost:8501/&quot;, waiting until &quot;load&quot;&quot;">dashboard_url = 'http://localhost:8501'
playwright = &lt;playwright._impl._playwright.Playwright object at 0x7fcaf8ccea50&gt;

    @pytest.fixture(scope="function")
    def page(dashboard_url, playwright):
        """Create a new page for each test."""
        browser = playwright.chromium.launch(headless=True)
        context = browser.new_context()
        page = context.new_page()
&gt;       page.goto(dashboard_url)

tests/test_dashboard_playwright.py:34:
_ _ _ _ _ _ _ _ _ _ _ _ _ _ _ _ _ _ _ _ _ _ _ _ _ _ _ _ _ _ _ _ _ _ _ _ _ _ _ _
/home/matthew/anaconda3/lib/python3.12/site-packages/playwright/sync_api/_generated.py:9006: in goto
    self._sync(
/home/matthew/anaconda3/lib/python3.12/site-packages/playwright/_impl/_page.py:551: in goto
    return await self._main_frame.goto(**locals_to_params(locals()))
           ^^^^^^^^^^^^^^^^^^^^^^^^^^^^^^^^^^^^^^^^^^^^^^^^^^^^^^^^^
/home/matthew/anaconda3/lib/python3.12/site-packages/playwright/_impl/_frame.py:145: in goto
    await self._channel.send("goto", locals_to_params(locals()))
/home/matthew/anaconda3/lib/python3.12/site-packages/playwright/_impl/_connection.py:61: in send
    return await self._connection.wrap_api_call(
_ _ _ _ _ _ _ _ _ _ _ _ _ _ _ _ _ _ _ _ _ _ _ _ _ _ _ _ _ _ _ _ _ _ _ _ _ _ _ _

self = &lt;playwright._impl._connection.Connection object at 0x7fcb033996a0&gt;
cb = &lt;function Channel.send.&lt;locals&gt;.&lt;lambda&gt; at 0x7fcaf8ec1bc0&gt;
is_internal = False

    async def wrap_api_call(
        self, cb: Callable[[], Any], is_internal: bool = False
    ) -&gt; Any:
        if self._api_zone.get():
            return await cb()
        task = asyncio.current_task(self._loop)
        st: List[inspect.FrameInfo] = getattr(task, "__pw_stack__", inspect.stack())
        parsed_st = _extract_stack_trace_information_from_stack(st, is_internal)
        self._api_zone.set(parsed_st)
        try:
            return await cb()
        except Exception as error:
&gt;           raise rewrite_error(error, f"{parsed_st['apiName']}: {error}") from None
E           playwright._impl._errors.Error: Page.goto: net::ERR_CONNECTION_REFUSED at http://localhost:8501/
E           Call log:
E             - navigating to "http://localhost:8501/", waiting until "load"

/home/matthew/anaconda3/lib/python3.12/site-packages/playwright/_impl/_connection.py:528: Error</error></testcase><testcase classname="tests.test_dashboard_playwright.TestCumulativeGain" name="test_cumulative_gain_chart_exists" time="0.486"><error message="failed on setup with &quot;playwright._impl._errors.Error: Page.goto: net::ERR_CONNECTION_REFUSED at http://localhost:8501/&#10;Call log:&#10;  - navigating to &quot;http://localhost:8501/&quot;, waiting until &quot;load&quot;&quot;">dashboard_url = 'http://localhost:8501'
playwright = &lt;playwright._impl._playwright.Playwright object at 0x7fcaf8ccea50&gt;

    @pytest.fixture(scope="function")
    def page(dashboard_url, playwright):
        """Create a new page for each test."""
        browser = playwright.chromium.launch(headless=True)
        context = browser.new_context()
        page = context.new_page()
&gt;       page.goto(dashboard_url)

tests/test_dashboard_playwright.py:34:
_ _ _ _ _ _ _ _ _ _ _ _ _ _ _ _ _ _ _ _ _ _ _ _ _ _ _ _ _ _ _ _ _ _ _ _ _ _ _ _
/home/matthew/anaconda3/lib/python3.12/site-packages/playwright/sync_api/_generated.py:9006: in goto
    self._sync(
/home/matthew/anaconda3/lib/python3.12/site-packages/playwright/_impl/_page.py:551: in goto
    return await self._main_frame.goto(**locals_to_params(locals()))
           ^^^^^^^^^^^^^^^^^^^^^^^^^^^^^^^^^^^^^^^^^^^^^^^^^^^^^^^^^
/home/matthew/anaconda3/lib/python3.12/site-packages/playwright/_impl/_frame.py:145: in goto
    await self._channel.send("goto", locals_to_params(locals()))
/home/matthew/anaconda3/lib/python3.12/site-packages/playwright/_impl/_connection.py:61: in send
    return await self._connection.wrap_api_call(
_ _ _ _ _ _ _ _ _ _ _ _ _ _ _ _ _ _ _ _ _ _ _ _ _ _ _ _ _ _ _ _ _ _ _ _ _ _ _ _

self = &lt;playwright._impl._connection.Connection object at 0x7fcb033996a0&gt;
cb = &lt;function Channel.send.&lt;locals&gt;.&lt;lambda&gt; at 0x7fcaf82a67a0&gt;
is_internal = False

    async def wrap_api_call(
        self, cb: Callable[[], Any], is_internal: bool = False
    ) -&gt; Any:
        if self._api_zone.get():
            return await cb()
        task = asyncio.current_task(self._loop)
        st: List[inspect.FrameInfo] = getattr(task, "__pw_stack__", inspect.stack())
        parsed_st = _extract_stack_trace_information_from_stack(st, is_internal)
        self._api_zone.set(parsed_st)
        try:
            return await cb()
        except Exception as error:
&gt;           raise rewrite_error(error, f"{parsed_st['apiName']}: {error}") from None
E           playwright._impl._errors.Error: Page.goto: net::ERR_CONNECTION_REFUSED at http://localhost:8501/
E           Call log:
E             - navigating to "http://localhost:8501/", waiting until "load"

[...]
    def setup_schema():
        """Create schema for integrity tests."""
        manager = DatabaseSchemaManager(default_db)
&gt;       manager.create_unified_tables()
        ^^^^^^^^^^^^^^^^^^^^^^^^^^^^^
E       AttributeError: 'DatabaseSchemaManager' object has no attribute 'create_unified_tables'

tests/test_schema_integrity.py:12: AttributeError</error></testcase><testcase classname="tests.test_schema_integrity" name="test_bet_recommendations_has_primary_key" time="0.002"><error message="failed on setup with &quot;AttributeError: 'DatabaseSchemaManager' object has no attribute 'create_unified_tables'&quot;">@pytest.fixture(scope="function", autouse=True)
    def setup_schema():
        """Create schema for integrity tests."""
        manager = DatabaseSchemaManager(default_db)
&gt;       manager.create_unified_tables()
        ^^^^^^^^^^^^^^^^^^^^^^^^^^^^^
E       AttributeError: 'DatabaseSchemaManager' object has no attribute 'create_unified_tables'

tests/test_schema_integrity.py:12: AttributeError</error></testcase><testcase classname="tests.test_schema_integrity" name="test_game_odds_has_foreign_key_to_unified_games" time="0.002"><error message="failed on setup with &quot;AttributeError: 'DatabaseSchemaManager' object has no attribute 'create_unified_tables'&quot;">@pytest.fixture(scope="function", autouse=True)
    def setup_schema():
        """Create schema for integrity tests."""
        manager = DatabaseSchemaManager(default_db)
&gt;       manager.create_unified_tables()
        ^^^^^^^^^^^^^^^^^^^^^^^^^^^^^
E       AttributeError: 'DatabaseSchemaManager' object has no attribute 'create_unified_tables'

tests/test_schema_integrity.py:12: AttributeError</error></testcase><testcase classname="tests.test_sports_alignment" name="test_dag_and_dashboard_sports_aligned" time="0.036" /><testcase classname="tests.test_tennis_elo_calibration" name="test_elo_updates_change_ratings" time="0.003" /><testcase classname="tests.test_tennis_elo_calibration" name="test_training_from_games" time="0.003"><failure message="AssertionError: assert 'Swiatek I.' in {}">def test_training_from_games():
        """Test training flow using mock games data."""
        elo = TennisEloRating()
        for game in MOCK_GAMES_DATA:
            elo.update(game["winner"], game["loser"], game["tour"])

        # Djokovic should have highest ATP rating
        atp_ratings = elo.atp_ratings
        assert "Djokovic N." in atp_ratings
        assert "Nadal R." in atp_ratings
        assert "Federer R." in atp_ratings

        # Swiatek should have WTA rating
        wta_ratings = elo.wta_ratings
&gt;       assert "Swiatek I." in wta_ratings
E       AssertionError: assert 'Swiatek I.' in {}

tests/test_tennis_elo_calibration.py:53: AssertionError</failure></testcase><testcase classname="tests.test_tennis_elo_calibration" name="test_dynamic_k_factor" time="0.002" /><testcase classname="tests.test_tennis_elo_calibration" name="test_name_normalization" time="0.003" /><testcase classname="tests.test_tennis_elo_calibration" name="test_get_rankings" time="0.003" /><testcase classname="tests.test_tennis_elo_calibration" name="test_calibration_accuracy" time="0.003"><failure message="assert 0.5 &gt; 0.5">def test_calibration_accuracy():
        """Test calibration accuracy metrics."""
        elo = TennisEloRating()

        # Train on some games
        for game in MOCK_GAMES_DATA:
            elo.update(game["winner"], game["loser"], game["tour"])

        # Test predictions on known outcomes
        # Djokovic vs Nadal - Djokovic should be favored
        prob = elo.predict("Djokovic N.", "Nadal R.", "ATP")
        assert prob &gt; 0.5

        # Swiatek vs Sabalenka - Swiatek should be favored
        prob_wta = elo.predict("Swiatek I.", "Sabalenka A.", "WTA")
&gt;       assert prob_wta &gt; 0.5
E       assert 0.5 &gt; 0.5

tests/test_tennis_elo_calibration.py:132: AssertionError</failure></testcase><testcase classname="tests.test_tennis_elo_calibration" name="test_legacy_update_compatibility" time="0.004" /><testcase classname="tests.test_tennis_elo_tdd.TestTennisEloInheritance" name="test_tennis_elo_inherits_from_base" time="0.003" /><testcase classname="tests.test_tennis_elo_tdd.TestTennisEloInheritance" name="test_tennis_elo_can_be_instantiated" time="0.002" /><testcase classname="tests.test_tennis_elo_tdd.TestTennisEloInheritance" name="test_tennis_elo_has_required_methods" time="0.002" /><testcase classname="tests.test_tennis_elo_tdd.TestTennisEloFunctionality" name="test_get_rating_returns_initial_for_new_player" time="0.002" /><testcase classname="tests.test_tennis_elo_tdd.TestTennisEloFunctionality" name="test_predict_basic" time="0.002" /><testcase classname="tests.test_tennis_elo_tdd.TestTennisEloFunctionality" name="test_update_basic" time="0.002" /><testcase classname="tests.test_tennis_elo_tdd.TestTennisEloFunctionality" name="test_expected_score_method" time="0.002" /><testcase classname="tests.test_tennis_elo_tdd.TestTennisEloFunctionality" name="test_get_all_ratings_method" time="0.002" /><testcase classname="tests.test_tennis_elo_tdd.TestTennisEloFunctionality" name="test_tennis_specific_methods" time="0.002" /><testcase classname="tests.test_tennis_elo_tdd.TestTennisEloFunctionality" name="test_base_interface_adaptation_methods" time="0.003" /><testcase classname="tests.test_tennis_elo_tdd.TestTennisEloBackwardCompatibility" name="test_legacy_update_method" time="0.002" /><testcase classname="tests.test_tennis_elo_tdd.TestTennisEloBackwardCompatibility" name="test_normalize_name_function" time="0.002" /><testcase classname="tests.test_the_odds_api.TestOddsAPI" name="test_american_odds_to_probability_negative" time="0.002" /><testcase classname="tests.test_the_odds_api.TestOddsAPI" name="test_american_odds_to_probability_positive" time="0.002" /><testcase classname="tests.test_the_odds_api.TestOddsAPI" name="test_american_odds_to_probability_even" time="0.003" /><testcase classname="tests.test_the_odds_api.TestOddsAPI" name="test_american_odds_to_probability_heavy_favorite" time="0.003" /><testcase classname="tests.test_the_odds_api.TestOddsAPI" name="test_decimal_odds_to_probability" time="0.003" /><testcase classname="tests.test_the_odds_api.TestOddsAPI" name="test_decimal_odds_to_probability_heavy_favorite" time="0.002" /><testcase classname="tests.test_the_odds_api.TestOddsAPIClient" name="test_get_sport_key_nba" time="0.003" /><testcase classname="tests.test_the_odds_api.TestOddsAPIClient" name="test_get_sport_key_nhl" time="0.004" /><testcase classname="tests.test_the_odds_api.TestOddsAPIClient" name="test_get_sport_key_mlb" time="0.003" /><testcase classname="tests.test_the_odds_api.TestOddsAPIClient" name="test_get_sport_key_nfl" time="0.002" /><testcase classname="tests.test_the_odds_api.TestOddsAPIClient" name="test_get_sport_key_ncaab" time="0.003" /><testcase classname="tests.test_the_odds_api.TestOddsAPIClient" name="test_get_sport_key_case_insensitive" time="0.002" /><testcase classname="tests.test_the_odds_api.TestOddsAPIClient" name="test_get_sport_key_unknown" time="0.004" /><testcase classname="tests.test_the_odds_api.TestOddsMatching" name="test_team_name_normalization" time="0.003" /><testcase classname="tests.test_the_odds_api.TestOddsMatching" name="test_team_name_matching_exact" time="0.002" /><testcase classname="tests.test_the_odds_api.TestOddsMatching" name="test_team_name_matching_partial" time="0.003" /><testcase classname="tests.test_the_odds_api.TestOddsMatching" name="test_team_name_matching_city" time="0.003" /><testcase classname="tests.test_the_odds_api.TestGameStatusCheck" name="test_game_not_started_no_scores" time="0.002" /><testcase classname="tests.test_the_odds_api.TestGameStatusCheck" name="test_game_started_has_scores" time="0.002" /><testcase classname="tests.test_the_odds_api.TestGameStatusCheck" name="test_game_completed" time="0.002" /><testcase classname="tests.test_the_odds_api.TestOddsCalculation" name="test_remove_vig_equal_odds" time="0.002" /><testcase classname="tests.test_the_odds_api.TestOddsCalculation" name="test_remove_vig_unequal_odds" time="0.003" /><testcase classname="tests.test_the_odds_api.TestOddsCalculation" name="test_edge_calculation" time="0.002" /><testcase classname="tests.test_the_odds_api.TestOddsCalculation" name="test_edge_negative" time="0.003" /><testcase classname="tests.test_the_odds_api.TestOddsCalculation" name="test_kelly_criterion_basic" time="0.002" /><testcase classname="tests.test_the_odds_api.TestOddsCalculation" name="test_kelly_criterion_no_edge" time="0.003" /><testcase classname="tests.test_the_odds_api.TestOddsCalculation" name="test_kelly_criterion_negative_edge" time="0.003" /><testcase classname="tests.test_the_odds_api_full.TestTheOddsAPIInit" name="test_init_with_api_key" time="0.003" /><testcase classname="tests.test_the_odds_api_full.TestTheOddsAPIInit" name="test_init_with_env_key" time="0.005" /><testcase classname="tests.test_the_odds_api_full.TestTheOddsAPIInit" name="test_init_without_key" time="0.006" /><testcase classname="tests.test_the_odds_api_full.TestSportKeys" name="test_sport_keys_nba" time="0.004" /><testcase classname="tests.test_the_odds_api_full.TestSportKeys" name="test_sport_keys_nhl" time="0.003" /><testcase classname="tests.test_the_odds_api_full.TestSportKeys" name="test_sport_keys_mlb" time="0.004" /><testcase classname="tests.test_the_odds_api_full.TestSportKeys" name="test_sport_keys_nfl" time="0.004" /><testcase classname="tests.test_the_odds_api_full.TestSportKeys" name="test_sport_keys_epl" time="0.004" /><testcase classname="tests.test_the_odds_api_full.TestSportKeys" name="test_sport_keys_ncaab" time="0.003" /><testcase classname="tests.test_the_odds_api_full.TestFetchMarkets" name="test_fetch_markets_success" time="0.008" /><testcase classname="tests.test_the_odds_api_full.TestFetchMarkets" name="test_fetch_markets_unknown_sport" time="0.004" /><testcase classname="tests.test_the_odds_api_full.TestFetchMarkets" name="test_fetch_markets_no_api_key" time="0.006" /><testcase classname="tests.test_the_odds_api_full.TestOddsConversion" name="test_decimal_to_probability" time="0.004" /><testcase classname="tests.test_the_odds_api_full.TestOddsConversion" name="test_decimal_odds_favorite" time="0.003" /><testcase classname="tests.test_the_odds_api_full.TestOddsConversion" name="test_decimal_odds_underdog" time="0.003" /><testcase classname="tests.test_the_odds_api_full.TestOddsConversion" name="test_remove_juice" time="0.003" /><testcase classname="tests.test_the_odds_api_full.TestGameParsing" name="test_parse_game_response" time="0.003" /><testcase classname="tests.test_the_odds_api_full.TestGameParsing" name="test_extract_odds_from_bookmaker" time="0.002" /><testcase classname="tests.test_the_odds_api_full.TestCountBookmakers" name="test_count_unique_bookmakers" time="0.003" /><testcase classname="tests.test_the_odds_api_full.TestRateLimiting" name="test_parse_remaining_requests" time="0.002" /><testcase classname="tests.test_the_odds_api_full.TestRateLimiting" name="test_low_requests_warning" time="0.003" /><testcase classname="tests.test_unified_elo_integration.TestUnifiedEloInterface" name="test_inheritance[NBAEloRating]" time="0.002" /><testcase classname="tests.test_unified_elo_integration.TestUnifiedEloInterface" name="test_inheritance[NHLEloRating]" time="0.003" /><testcase classname="tests.test_unified_elo_integration.TestUnifiedEloInterface" name="test_inheritance[MLBEloRating]" time="0.003" /><testcase classname="tests.test_unified_elo_integration.TestUnifiedEloInterface" name="test_inheritance[NFLEloRating]" time="0.004" /><testcase classname="tests.test_unified_elo_integration.TestUnifiedEloInterface" name="test_inheritance[EPLEloRating]" time="0.003" /><testcase classname="tests.test_unified_elo_integration.TestUnifiedEloInterface" name="test_inheritance[Ligue1EloRating]" time="0.006" /><testcase classname="tests.test_unified_elo_integration.TestUnifiedEloInterface" name="test_inheritance[NCAABEloRating]" time="0.004" /><testcase classname="tests.test_unified_elo_integration.TestUnifiedEloInterface" name="test_inheritance[WNCAABEloRating]" time="0.002" /><testcase classname="tests.test_unified_elo_integration.TestUnifiedEloInterface" name="test_inheritance[TennisEloRating]" time="0.005" /><testcase classname="tests.test_unified_elo_integration.TestUnifiedEloInterface" name="test_predict_interface[NBAEloRating]" time="0.004" /><testcase classname="tests.test_unified_elo_integration.TestUnifiedEloInterface" name="test_predict_interface[NHLEloRating]" time="0.003" /><testcase classname="tests.test_unified_elo_integration.TestUnifiedEloInterface" name="test_predict_interface[MLBEloRating]" time="0.003" /><testcase classname="tests.test_unified_elo_integration.TestUnifiedEloInterface" name="test_predict_interface[NFLEloRating]" time="0.003" /><testcase classname="tests.test_unified_elo_integration.TestUnifiedEloInterface" name="test_predict_interface[EPLEloRating]" time="0.003" /><testcase classname="tests.test_unified_elo_integration.TestUnifiedEloInterface" name="test_predict_interface[Ligue1EloRating]" time="0.002" /><testcase classname="tests.test_unified_elo_integration.TestUnifiedEloInterface" name="test_predict_interface[NCAABEloRating]" time="0.002" /><testcase classname="tests.test_unified_elo_integration.TestUnifiedEloInterface" name="test_predict_interface[WNCAABEloRating]" time="0.002" /><testcase classname="tests.test_unified_elo_integration.TestUnifiedEloInterface" name="test_predict_interface[TennisEloRating]" time="0.002" /><testcase classname="tests.test_unified_elo_integration.TestUnifiedEloInterface" name="test_update_interface[NBAEloRating]" time="0.003" /><testcase classname="tests.test_unified_elo_integration.TestUnifiedEloInterface" name="test_update_interface[NHLEloRating]" time="0.002" /><testcase classname="tests.test_unified_elo_integration.TestUnifiedEloInterface" name="test_update_interface[MLBEloRating]" time="0.003" /><testcase classname="tests.test_unified_elo_integration.TestUnifiedEloInterface" name="test_update_interface[NFLEloRating]" time="0.002" /><testcase classname="tests.test_unified_elo_integration.TestUnifiedEloInterface" name="test_update_interface[EPLEloRating]" time="0.002" /><testcase classname="tests.test_unified_elo_integration.TestUnifiedEloInterface" name="test_update_interface[Ligue1EloRating]" time="0.003" /><testcase classname="tests.test_unified_elo_integration.TestUnifiedEloInterface" name="test_update_interface[NCAABEloRating]" time="0.002" /><testcase classname="tests.test_unified_elo_integration.TestUnifiedEloInterface" name="test_update_interface[WNCAABEloRating]" time="0.003" /><testcase classname="tests.test_unified_elo_integration.TestUnifiedEloInterface" name="test_update_interface[TennisEloRating]" time="0.003" /><testcase classname="tests.test_unified_elo_integration.TestUnifiedEloInterface" name="test_expected_score_interface[NBAEloRating]" time="0.003" /><testcase classname="tests.test_unified_elo_integration.TestUnifiedEloInterface" name="test_expected_score_interface[NHLEloRating]" time="0.003" /><testcase classname="tests.test_unified_elo_integration.TestUnifiedEloInterface" name="test_expected_score_interface[MLBEloRating]" time="0.002" /><testcase classname="tests.test_unified_elo_integration.TestUnifiedEloInterface" name="test_expected_score_interface[NFLEloRating]" time="0.003" /><testcase classname="tests.test_unified_elo_integration.TestUnifiedEloInterface" name="test_expected_score_interface[EPLEloRating]" time="0.002" /><testcase classname="tests.test_unified_elo_integration.TestUnifiedEloInterface" name="test_expected_score_interface[Ligue1EloRating]" time="0.003" /><testcase classname="tests.test_unified_elo_integration.TestUnifiedEloInterface" name="test_expected_score_interface[NCAABEloRating]" time="0.002" /><testcase classname="tests.test_unified_elo_integration.TestUnifiedEloInterface" name="test_expected_score_interface[WNCAABEloRating]" time="0.002" /><testcase classname="tests.test_unified_elo_integration.TestUnifiedEloInterface" name="test_expected_score_interface[TennisEloRating]" time="0.002" /><testcase classname="tests.test_unified_elo_integration.TestUnifiedEloInterface" name="test_get_all_ratings_interface[NBAEloRating]" time="0.002" /><testcase classname="tests.test_unified_elo_integration.TestUnifiedEloInterface" name="test_get_all_ratings_interface[NHLEloRating]" time="0.003" /><testcase classname="tests.test_unified_elo_integration.TestUnifiedEloInterface" name="test_get_all_ratings_interface[MLBEloRating]" time="0.003" /><testcase classname="tests.test_unified_elo_integration.TestUnifiedEloInterface" name="test_get_all_ratings_interface[NFLEloRating]" time="0.002" /><testcase classname="tests.test_unified_elo_integration.TestUnifiedEloInterface" name="test_get_all_ratings_interface[EPLEloRating]" time="0.002" /><testcase classname="tests.test_unified_elo_integration.TestUnifiedEloInterface" name="test_get_all_ratings_interface[Ligue1EloRating]" time="0.002" /><testcase classname="tests.test_unified_elo_integration.TestUnifiedEloInterface" name="test_get_all_ratings_interface[NCAABEloRating]" time="0.003" /><testcase classname="tests.test_unified_elo_integration.TestUnifiedEloInterface" name="test_get_all_ratings_interface[WNCAABEloRating]" time="0.002" /><testcase classname="tests.test_unified_elo_integration.TestUnifiedEloInterface" name="test_get_all_ratings_interface[TennisEloRating]" time="0.002" /><testcase classname="tests.test_unified_elo_interface" name="test_all_classes_inherit_from_base" time="0.002" /><testcase classname="tests.test_unified_elo_interface" name="test_all_classes_have_required_methods" time="0.002" /><testcase classname="tests.test_unified_elo_interface" name="test_predict_method_signature" time="0.003" /><testcase classname="tests.test_unified_elo_interface" name="test_update_method_signature" time="0.003" /><testcase classname="tests.test_unified_elo_interface" name="test_get_rating_method" time="0.003" /><testcase classname="tests.test_unified_elo_interface" name="test_expected_score_method" time="0.004" /><testcase classname="tests.test_unified_elo_interface" name="test_get_all_ratings_method" time="0.003" /><testcase classname="tests.test_unified_elo_interface" name="test_sport_specific_parameters" time="0.003" /><testcase classname="tests.test_unified_elo_interface" name="test_backward_compatibility" time="0.003" /><testcase classname="tests.test_wncaab_elo_tdd.TestWNCAABEloInheritance" name="test_wncaab_elo_inherits_from_base" time="0.002" /><testcase classname="tests.test_wncaab_elo_tdd.TestWNCAABEloInheritance" name="test_wncaab_elo_can_be_instantiated" time="0.004" /><testcase classname="tests.test_wncaab_elo_tdd.TestWNCAABEloInheritance" name="test_wncaab_elo_has_required_methods" time="0.003" /><testcase classname="tests.test_wncaab_elo_tdd.TestWNCAABEloFunctionality" name="test_get_rating_returns_initial_for_new_team" time="0.004" /><testcase classname="tests.test_wncaab_elo_tdd.TestWNCAABEloFunctionality" name="test_predict_basic" time="0.003" /><testcase classname="tests.test_wncaab_elo_tdd.TestWNCAABEloFunctionality" name="test_update_basic" time="0.003" /><testcase classname="tests.test_wncaab_elo_tdd.TestWNCAABEloFunctionality" name="test_expected_score_method" time="0.003" /><testcase classname="tests.test_wncaab_elo_tdd.TestWNCAABEloFunctionality" name="test_get_all_ratings_method" time="0.003" /><testcase classname="tests.test_wncaab_elo_tdd.TestWNCAABEloBackwardCompatibility" name="test_legacy_update_method" time="0.003" /><testcase classname="tests.test_wncaab_elo_tdd.TestWNCAABEloBackwardCompatibility" name="test_calculate_current_elo_ratings_function" time="0.440" /></testsuite></testsuites>
